CCS PCM C Compiler, Version 4.114, 93460303               18-dic.-25 18:12

               Filename: C:\Users\isaac\Desktop\pic16f877a\lcd.lst

               ROM used: 545 words (7%)
                         Largest free fragment is 2048
               RAM used: 5 (1%) at main() level
                         19 (5%) worst case
               Stack:    5 locations

*
0000:  MOVLW  01
0001:  MOVWF  0A
0002:  GOTO   1B4
0003:  NOP
.................... /* mi primer codigo en micro*/ 
.................... #include <16f877a.h> 
.................... //////// Standard Header file for the PIC16F877A device //////////////// 
.................... #device PIC16F877A 
.................... #list 
....................  
.................... #fuses XT,NOWDT 
.................... #use delay(clock=4000000) 
*
0021:  MOVLW  25
0022:  MOVWF  04
0023:  BCF    03.7
0024:  MOVF   00,W
0025:  BTFSC  03.2
0026:  GOTO   035
0027:  MOVLW  01
0028:  MOVWF  78
0029:  CLRF   77
002A:  DECFSZ 77,F
002B:  GOTO   02A
002C:  DECFSZ 78,F
002D:  GOTO   029
002E:  MOVLW  4A
002F:  MOVWF  77
0030:  DECFSZ 77,F
0031:  GOTO   030
0032:  GOTO   033
0033:  DECFSZ 00,F
0034:  GOTO   027
0035:  RETURN
.................... #USE FAST_IO(D) 
....................  
.................... // Configuración de pines LCD 
.................... #define lcd_rs_pin  pin_b1 
.................... #define lcd_rw_pin  pin_b2 
.................... #define lcd_enable_pin  pin_b0 
.................... #define lcd_data4 pin_b4 
.................... #define lcd_data5 pin_b5 
.................... #define lcd_data6 pin_b6 
.................... #define lcd_data7 pin_b7 
....................  
.................... #include <lcd.c> 
.................... /////////////////////////////////////////////////////////////////////////////// 
.................... ////                             LCD.C                                     //// 
.................... ////                 Driver for common LCD modules                         //// 
.................... ////                                                                       //// 
.................... ////  lcd_init()   Must be called before any other function.               //// 
.................... ////                                                                       //// 
.................... ////  lcd_putc(c)  Will display c on the next position of the LCD.         //// 
.................... ////                 \a  Set cursor position to upper left                 //// 
.................... ////                 \f  Clear display, set cursor to upper left           //// 
.................... ////                 \n  Go to start of second line                        //// 
.................... ////                 \b  Move back one position                            //// 
.................... ////              If LCD_EXTENDED_NEWLINE is defined, the \n character     //// 
.................... ////              will erase all remanining characters on the current      //// 
.................... ////              line, and move the cursor to the beginning of the next   //// 
.................... ////              line.                                                    //// 
.................... ////              If LCD_EXTENDED_NEWLINE is defined, the \r character     //// 
.................... ////              will move the cursor to the start of the current         //// 
.................... ////              line.                                                    //// 
.................... ////                                                                       //// 
.................... ////  lcd_gotoxy(x,y) Set write position on LCD (upper left is 1,1)        //// 
.................... ////                                                                       //// 
.................... ////  lcd_getc(x,y)   Returns character at position x,y on LCD             //// 
.................... ////                                                                       //// 
.................... ////  CONFIGURATION                                                        //// 
.................... ////  The LCD can be configured in one of two ways: a.) port access or     //// 
.................... ////  b.) pin access.  Port access requires the entire 7 bit interface     //// 
.................... ////  connected to one GPIO port, and the data bits (D4:D7 of the LCD)     //// 
.................... ////  connected to sequential pins on the GPIO.  Pin access                //// 
.................... ////  has no requirements, all 7 bits of the control interface can         //// 
.................... ////  can be connected to any GPIO using several ports.                    //// 
.................... ////                                                                       //// 
.................... ////  To use port access, #define LCD_DATA_PORT to the SFR location of     //// 
.................... ////  of the GPIO port that holds the interface, -AND- edit LCD_PIN_MAP    //// 
.................... ////  of this file to configure the pin order.  If you are using a         //// 
.................... ////  baseline PIC (PCB), then LCD_OUTPUT_MAP and LCD_INPUT_MAP also must  //// 
.................... ////  be defined.                                                          //// 
.................... ////                                                                       //// 
.................... ////  Example of port access:                                              //// 
.................... ////     #define LCD_DATA_PORT getenv("SFR:PORTD")                         //// 
.................... ////                                                                       //// 
.................... ////  To use pin access, the following pins must be defined:               //// 
.................... ////     LCD_ENABLE_PIN                                                    //// 
.................... ////     LCD_RS_PIN                                                        //// 
.................... ////     LCD_RW_PIN                                                        //// 
.................... ////     LCD_DATA4                                                         //// 
.................... ////     LCD_DATA5                                                         //// 
.................... ////     LCD_DATA6                                                         //// 
.................... ////     LCD_DATA7                                                         //// 
.................... ////                                                                       //// 
.................... ////  Example of pin access:                                               //// 
.................... ////     #define LCD_ENABLE_PIN  PIN_E0                                    //// 
.................... ////     #define LCD_RS_PIN      PIN_E1                                    //// 
.................... ////     #define LCD_RW_PIN      PIN_E2                                    //// 
.................... ////     #define LCD_DATA4       PIN_D4                                    //// 
.................... ////     #define LCD_DATA5       PIN_D5                                    //// 
.................... ////     #define LCD_DATA6       PIN_D6                                    //// 
.................... ////     #define LCD_DATA7       PIN_D7                                    //// 
.................... ////                                                                       //// 
.................... /////////////////////////////////////////////////////////////////////////////// 
.................... ////        (C) Copyright 1996,2010 Custom Computer Services           //// 
.................... //// This source code may only be used by licensed users of the CCS C  //// 
.................... //// compiler.  This source code may only be distributed to other      //// 
.................... //// licensed users of the CCS C compiler.  No other use, reproduction //// 
.................... //// or distribution is permitted without written permission.          //// 
.................... //// Derivative programs created using this software in object code    //// 
.................... //// form are not restricted in any way.                               //// 
.................... /////////////////////////////////////////////////////////////////////////// 
....................  
.................... // define the pinout. 
.................... // only required if port access is being used. 
.................... typedef struct   
.................... {                            // This structure is overlayed 
....................    BOOLEAN enable;           // on to an I/O port to gain 
....................    BOOLEAN rs;               // access to the LCD pins. 
....................    BOOLEAN rw;               // The bits are allocated from 
....................    BOOLEAN unused;           // low order up.  ENABLE will 
....................    int     data : 4;         // be LSB pin of that port. 
....................   #if defined(__PCD__)       // The port used will be LCD_DATA_PORT. 
....................    int    reserved: 8; 
....................   #endif 
.................... } LCD_PIN_MAP; 
....................  
.................... // this is to improve compatability with previous LCD drivers that accepted 
.................... // a define labeled 'use_portb_lcd' that configured the LCD onto port B. 
.................... #if ((defined(use_portb_lcd)) && (use_portb_lcd==TRUE)) 
....................  #define LCD_DATA_PORT getenv("SFR:PORTB") 
.................... #endif 
....................  
.................... #if defined(__PCB__) 
....................    // these definitions only need to be modified for baseline PICs. 
....................    // all other PICs use LCD_PIN_MAP or individual LCD_xxx pin definitions. 
.................... /*                                    EN, RS,   RW,   UNUSED,  DATA  */ 
....................  const LCD_PIN_MAP LCD_OUTPUT_MAP =  {0,  0,    0,    0,       0}; 
....................  const LCD_PIN_MAP LCD_INPUT_MAP =   {0,  0,    0,    0,       0xF}; 
.................... #endif 
....................  
.................... ////////////////////// END CONFIGURATION /////////////////////////////////// 
....................  
.................... #ifndef LCD_ENABLE_PIN 
....................    #define lcd_output_enable(x) lcdlat.enable=x 
....................    #define lcd_enable_tris()   lcdtris.enable=0 
.................... #else 
....................    #define lcd_output_enable(x) output_bit(LCD_ENABLE_PIN, x) 
....................    #define lcd_enable_tris()  output_drive(LCD_ENABLE_PIN) 
.................... #endif 
....................  
.................... #ifndef LCD_RS_PIN 
....................    #define lcd_output_rs(x) lcdlat.rs=x 
....................    #define lcd_rs_tris()   lcdtris.rs=0 
.................... #else 
....................    #define lcd_output_rs(x) output_bit(LCD_RS_PIN, x) 
....................    #define lcd_rs_tris()  output_drive(LCD_RS_PIN) 
.................... #endif 
....................  
.................... #ifndef LCD_RW_PIN 
....................    #define lcd_output_rw(x) lcdlat.rw=x 
....................    #define lcd_rw_tris()   lcdtris.rw=0 
.................... #else 
....................    #define lcd_output_rw(x) output_bit(LCD_RW_PIN, x) 
....................    #define lcd_rw_tris()  output_drive(LCD_RW_PIN) 
.................... #endif 
....................  
.................... // original version of this library incorrectly labeled LCD_DATA0 as LCD_DATA4, 
.................... // LCD_DATA1 as LCD_DATA5, and so on.  this block of code makes the driver 
.................... // compatible with any code written for the original library 
.................... #if (defined(LCD_DATA0) && defined(LCD_DATA1) && defined(LCD_DATA2) && defined(LCD_DATA3) && !defined(LCD_DATA4) && !defined(LCD_DATA5) && !defined(LCD_DATA6) && !defined(LCD_DATA7)) 
....................    #define  LCD_DATA4    LCD_DATA0 
....................    #define  LCD_DATA5    LCD_DATA1 
....................    #define  LCD_DATA6    LCD_DATA2 
....................    #define  LCD_DATA7    LCD_DATA3 
.................... #endif 
....................  
.................... #ifndef LCD_DATA4 
.................... #ifndef LCD_DATA_PORT 
....................    #if defined(__PCB__) 
....................       #define LCD_DATA_PORT      0x06     //portb 
....................       #define set_tris_lcd(x)   set_tris_b(x) 
....................    #else 
....................      #if defined(PIN_D0) 
....................       #define LCD_DATA_PORT      getenv("SFR:PORTD")     //portd 
....................      #else 
....................       #define LCD_DATA_PORT      getenv("SFR:PORTB")     //portb 
....................      #endif 
....................    #endif    
.................... #endif 
....................  
.................... #if defined(__PCB__) 
....................    LCD_PIN_MAP lcd, lcdlat; 
....................    #byte lcd = LCD_DATA_PORT 
....................    #byte lcdlat = LCD_DATA_PORT 
.................... #elif defined(__PCM__) 
....................    LCD_PIN_MAP lcd, lcdlat, lcdtris; 
....................    #byte lcd = LCD_DATA_PORT 
....................    #byte lcdlat = LCD_DATA_PORT 
....................    #byte lcdtris = LCD_DATA_PORT+0x80 
.................... #elif defined(__PCH__) 
....................    LCD_PIN_MAP lcd, lcdlat, lcdtris; 
....................    #byte lcd = LCD_DATA_PORT 
....................    #byte lcdlat = LCD_DATA_PORT+9 
....................    #byte lcdtris = LCD_DATA_PORT+0x12 
.................... #elif defined(__PCD__) 
....................    LCD_PIN_MAP lcd, lcdlat, lcdtris; 
....................    #word lcd = LCD_DATA_PORT 
....................    #word lcdlat = LCD_DATA_PORT+2 
....................    #word lcdtris = LCD_DATA_PORT-0x02 
.................... #endif 
.................... #endif   //LCD_DATA4 not defined 
....................  
.................... #ifndef LCD_TYPE 
....................    #define LCD_TYPE 2           // 0=5x7, 1=5x10, 2=2 lines 
.................... #endif 
....................  
.................... #ifndef LCD_LINE_TWO 
....................    #define LCD_LINE_TWO 0x40    // LCD RAM address for the second line 
.................... #endif 
....................  
.................... #ifndef LCD_LINE_LENGTH 
....................    #define LCD_LINE_LENGTH 20 
.................... #endif 
....................  
.................... BYTE const LCD_INIT_STRING[4] = {0x20 | (LCD_TYPE << 2), 0xc, 1, 6}; 
....................                              // These bytes need to be sent to the LCD 
....................                              // to start it up. 
....................  
.................... BYTE lcd_read_nibble(void); 
....................  
.................... BYTE lcd_read_byte(void) 
.................... { 
....................    BYTE low,high; 
....................  
....................  #if defined(__PCB__) 
....................    set_tris_lcd(LCD_INPUT_MAP); 
....................  #else 
....................   #if (defined(LCD_DATA4) && defined(LCD_DATA5) && defined(LCD_DATA6) && defined(LCD_DATA7)) 
....................    output_float(LCD_DATA4); 
*
009A:  BSF    06.4
....................    output_float(LCD_DATA5); 
009B:  BSF    06.5
....................    output_float(LCD_DATA6); 
009C:  BSF    06.6
....................    output_float(LCD_DATA7); 
009D:  BSF    06.7
....................   #else 
....................    lcdtris.data = 0xF; 
....................   #endif 
....................  #endif 
....................          
....................    lcd_output_rw(1); 
009E:  BCF    03.5
009F:  BSF    06.2
00A0:  BSF    03.5
00A1:  BCF    06.2
....................    delay_cycles(1); 
00A2:  NOP
....................    lcd_output_enable(1); 
00A3:  BCF    03.5
00A4:  BSF    06.0
00A5:  BSF    03.5
00A6:  BCF    06.0
....................    delay_cycles(1); 
00A7:  NOP
....................    high = lcd_read_nibble(); 
00A8:  BCF    03.5
00A9:  CALL   061
00AA:  MOVF   78,W
00AB:  MOVWF  2C
....................        
....................    lcd_output_enable(0); 
00AC:  BCF    06.0
00AD:  BSF    03.5
00AE:  BCF    06.0
....................    delay_cycles(1); 
00AF:  NOP
....................    lcd_output_enable(1); 
00B0:  BCF    03.5
00B1:  BSF    06.0
00B2:  BSF    03.5
00B3:  BCF    06.0
....................    delay_us(1); 
00B4:  NOP
....................    low = lcd_read_nibble(); 
00B5:  BCF    03.5
00B6:  CALL   061
00B7:  MOVF   78,W
00B8:  MOVWF  2B
....................        
....................    lcd_output_enable(0); 
00B9:  BCF    06.0
00BA:  BSF    03.5
00BB:  BCF    06.0
....................  
....................  #if defined(__PCB__) 
....................    set_tris_lcd(LCD_OUTPUT_MAP); 
....................  #else 
....................   #if (defined(LCD_DATA4) && defined(LCD_DATA5) && defined(LCD_DATA6) && defined(LCD_DATA7)) 
....................    output_drive(LCD_DATA4); 
00BC:  BCF    06.4
....................    output_drive(LCD_DATA5); 
00BD:  BCF    06.5
....................    output_drive(LCD_DATA6); 
00BE:  BCF    06.6
....................    output_drive(LCD_DATA7); 
00BF:  BCF    06.7
....................   #else 
....................    lcdtris.data = 0x0; 
....................   #endif 
....................  #endif 
....................  
....................    return( (high<<4) | low); 
00C0:  BCF    03.5
00C1:  SWAPF  2C,W
00C2:  MOVWF  77
00C3:  MOVLW  F0
00C4:  ANDWF  77,F
00C5:  MOVF   77,W
00C6:  IORWF  2B,W
00C7:  MOVWF  78
.................... } 
....................  
.................... BYTE lcd_read_nibble(void) 
.................... { 
....................   #if (defined(LCD_DATA4) && defined(LCD_DATA5) && defined(LCD_DATA6) && defined(LCD_DATA7)) 
*
0061:  CLRF   2D
....................    BYTE n = 0x00; 
....................  
....................    /* Read the data port */ 
....................    n |= input(LCD_DATA4); 
0062:  BSF    03.5
0063:  BSF    06.4
0064:  MOVLW  00
0065:  BCF    03.5
0066:  BTFSC  06.4
0067:  MOVLW  01
0068:  IORWF  2D,F
....................    n |= input(LCD_DATA5) << 1; 
0069:  BSF    03.5
006A:  BSF    06.5
006B:  MOVLW  00
006C:  BCF    03.5
006D:  BTFSC  06.5
006E:  MOVLW  01
006F:  MOVWF  77
0070:  BCF    03.0
0071:  RLF    77,F
0072:  MOVF   77,W
0073:  IORWF  2D,F
....................    n |= input(LCD_DATA6) << 2; 
0074:  BSF    03.5
0075:  BSF    06.6
0076:  MOVLW  00
0077:  BCF    03.5
0078:  BTFSC  06.6
0079:  MOVLW  01
007A:  MOVWF  77
007B:  RLF    77,F
007C:  RLF    77,F
007D:  MOVLW  FC
007E:  ANDWF  77,F
007F:  MOVF   77,W
0080:  IORWF  2D,F
....................    n |= input(LCD_DATA7) << 3; 
0081:  BSF    03.5
0082:  BSF    06.7
0083:  MOVLW  00
0084:  BCF    03.5
0085:  BTFSC  06.7
0086:  MOVLW  01
0087:  MOVWF  77
0088:  RLF    77,F
0089:  RLF    77,F
008A:  RLF    77,F
008B:  MOVLW  F8
008C:  ANDWF  77,F
008D:  MOVF   77,W
008E:  IORWF  2D,F
....................     
....................    return(n); 
008F:  MOVF   2D,W
0090:  MOVWF  78
....................   #else 
....................    return(lcd.data); 
....................   #endif 
.................... } 
0091:  RETURN
....................  
.................... void lcd_send_nibble(BYTE n) 
.................... { 
....................   #if (defined(LCD_DATA4) && defined(LCD_DATA5) && defined(LCD_DATA6) && defined(LCD_DATA7)) 
....................    /* Write to the data port */ 
....................    output_bit(LCD_DATA4, bit_test(n, 0)); 
*
0036:  BTFSC  2C.0
0037:  GOTO   03A
0038:  BCF    06.4
0039:  GOTO   03B
003A:  BSF    06.4
003B:  BSF    03.5
003C:  BCF    06.4
....................    output_bit(LCD_DATA5, bit_test(n, 1)); 
003D:  BCF    03.5
003E:  BTFSC  2C.1
003F:  GOTO   042
0040:  BCF    06.5
0041:  GOTO   043
0042:  BSF    06.5
0043:  BSF    03.5
0044:  BCF    06.5
....................    output_bit(LCD_DATA6, bit_test(n, 2)); 
0045:  BCF    03.5
0046:  BTFSC  2C.2
0047:  GOTO   04A
0048:  BCF    06.6
0049:  GOTO   04B
004A:  BSF    06.6
004B:  BSF    03.5
004C:  BCF    06.6
....................    output_bit(LCD_DATA7, bit_test(n, 3)); 
004D:  BCF    03.5
004E:  BTFSC  2C.3
004F:  GOTO   052
0050:  BCF    06.7
0051:  GOTO   053
0052:  BSF    06.7
0053:  BSF    03.5
0054:  BCF    06.7
....................   #else       
....................    lcdlat.data = n; 
....................   #endif 
....................        
....................    delay_cycles(1); 
0055:  NOP
....................    lcd_output_enable(1); 
0056:  BCF    03.5
0057:  BSF    06.0
0058:  BSF    03.5
0059:  BCF    06.0
....................    delay_us(2); 
005A:  GOTO   05B
....................    lcd_output_enable(0); 
005B:  BCF    03.5
005C:  BCF    06.0
005D:  BSF    03.5
005E:  BCF    06.0
.................... } 
005F:  BCF    03.5
0060:  RETURN
....................  
.................... void lcd_send_byte(BYTE address, BYTE n) 
.................... { 
....................   #if defined(__PCB__) 
....................    set_tris_lcd(LCD_OUTPUT_MAP); 
....................   #else 
....................    lcd_enable_tris(); 
*
0092:  BSF    03.5
0093:  BCF    06.0
....................    lcd_rs_tris(); 
0094:  BCF    06.1
....................    lcd_rw_tris(); 
0095:  BCF    06.2
....................   #endif 
....................  
....................    lcd_output_rs(0); 
0096:  BCF    03.5
0097:  BCF    06.1
0098:  BSF    03.5
0099:  BCF    06.1
....................    while ( bit_test(lcd_read_byte(),7) ) ; 
*
00C8:  MOVF   78,W
00C9:  MOVWF  2B
00CA:  BTFSS  2B.7
00CB:  GOTO   0CE
00CC:  BSF    03.5
00CD:  GOTO   09A
....................    lcd_output_rs(address); 
00CE:  MOVF   29,F
00CF:  BTFSS  03.2
00D0:  GOTO   0D3
00D1:  BCF    06.1
00D2:  GOTO   0D4
00D3:  BSF    06.1
00D4:  BSF    03.5
00D5:  BCF    06.1
....................    delay_cycles(1); 
00D6:  NOP
....................    lcd_output_rw(0); 
00D7:  BCF    03.5
00D8:  BCF    06.2
00D9:  BSF    03.5
00DA:  BCF    06.2
....................    delay_cycles(1); 
00DB:  NOP
....................    lcd_output_enable(0); 
00DC:  BCF    03.5
00DD:  BCF    06.0
00DE:  BSF    03.5
00DF:  BCF    06.0
....................    lcd_send_nibble(n >> 4); 
00E0:  BCF    03.5
00E1:  SWAPF  2A,W
00E2:  MOVWF  2B
00E3:  MOVLW  0F
00E4:  ANDWF  2B,F
00E5:  MOVF   2B,W
00E6:  MOVWF  2C
00E7:  CALL   036
....................    lcd_send_nibble(n & 0xf); 
00E8:  MOVF   2A,W
00E9:  ANDLW  0F
00EA:  MOVWF  2B
00EB:  MOVWF  2C
00EC:  CALL   036
.................... } 
00ED:  RETURN
....................  
.................... #if defined(LCD_EXTENDED_NEWLINE) 
.................... unsigned int8 g_LcdX, g_LcdY; 
.................... #endif 
....................  
.................... void lcd_init(void)  
.................... { 
....................    BYTE i; 
....................  
....................  #if defined(__PCB__) 
....................    set_tris_lcd(LCD_OUTPUT_MAP); 
....................  #else 
....................   #if (defined(LCD_DATA4) && defined(LCD_DATA5) && defined(LCD_DATA6) && defined(LCD_DATA7)) 
....................    output_drive(LCD_DATA4); 
00EE:  BSF    03.5
00EF:  BCF    06.4
....................    output_drive(LCD_DATA5); 
00F0:  BCF    06.5
....................    output_drive(LCD_DATA6); 
00F1:  BCF    06.6
....................    output_drive(LCD_DATA7); 
00F2:  BCF    06.7
....................   #else 
....................    lcdtris.data = 0x0; 
....................   #endif 
....................    lcd_enable_tris(); 
00F3:  BCF    06.0
....................    lcd_rs_tris(); 
00F4:  BCF    06.1
....................    lcd_rw_tris(); 
00F5:  BCF    06.2
....................  #endif 
....................  
....................    lcd_output_rs(0); 
00F6:  BCF    03.5
00F7:  BCF    06.1
00F8:  BSF    03.5
00F9:  BCF    06.1
....................    lcd_output_rw(0); 
00FA:  BCF    03.5
00FB:  BCF    06.2
00FC:  BSF    03.5
00FD:  BCF    06.2
....................    lcd_output_enable(0); 
00FE:  BCF    03.5
00FF:  BCF    06.0
0100:  BSF    03.5
0101:  BCF    06.0
....................      
....................    delay_ms(15); 
0102:  MOVLW  0F
0103:  BCF    03.5
0104:  MOVWF  25
0105:  CALL   021
....................    for(i=1;i<=3;++i) 
0106:  MOVLW  01
0107:  MOVWF  21
0108:  MOVF   21,W
0109:  SUBLW  03
010A:  BTFSS  03.0
010B:  GOTO   116
....................    { 
....................        lcd_send_nibble(3); 
010C:  MOVLW  03
010D:  MOVWF  2C
010E:  CALL   036
....................        lcd_send_nibble(0); 
010F:  CLRF   2C
0110:  CALL   036
....................        delay_ms(5); 
0111:  MOVLW  05
0112:  MOVWF  25
0113:  CALL   021
....................    } 
0114:  INCF   21,F
0115:  GOTO   108
....................     
....................    lcd_send_nibble(2); 
0116:  MOVLW  02
0117:  MOVWF  2C
0118:  CALL   036
....................    lcd_send_nibble(0); 
0119:  CLRF   2C
011A:  CALL   036
....................    delay_ms(5); 
011B:  MOVLW  05
011C:  MOVWF  25
011D:  CALL   021
....................    for(i=0;i<=3;++i) 
011E:  CLRF   21
011F:  MOVF   21,W
0120:  SUBLW  03
0121:  BTFSS  03.0
0122:  GOTO   12C
....................       lcd_send_byte(0,LCD_INIT_STRING[i]); 
0123:  MOVF   21,W
0124:  CALL   004
0125:  MOVWF  22
0126:  CLRF   29
0127:  MOVF   22,W
0128:  MOVWF  2A
0129:  CALL   092
....................  
....................   #if defined(LCD_EXTENDED_NEWLINE) 
012A:  INCF   21,F
012B:  GOTO   11F
....................    g_LcdX = 0; 
....................    g_LcdY = 0; 
....................   #endif 
.................... } 
012C:  BCF    0A.3
012D:  BCF    0A.4
012E:  GOTO   1C4 (RETURN)
....................  
.................... void lcd_gotoxy(BYTE x, BYTE y) 
.................... { 
....................    BYTE address; 
....................     
....................    if(y!=1) 
012F:  DECFSZ 26,W
0130:  GOTO   132
0131:  GOTO   135
....................       address=LCD_LINE_TWO; 
0132:  MOVLW  40
0133:  MOVWF  27
....................    else 
0134:  GOTO   136
....................       address=0; 
0135:  CLRF   27
....................       
....................    address+=x-1; 
0136:  MOVLW  01
0137:  SUBWF  25,W
0138:  ADDWF  27,F
....................    lcd_send_byte(0,0x80|address); 
0139:  MOVF   27,W
013A:  IORLW  80
013B:  MOVWF  28
013C:  CLRF   29
013D:  MOVF   28,W
013E:  MOVWF  2A
013F:  CALL   092
....................  
....................   #if defined(LCD_EXTENDED_NEWLINE) 
....................    g_LcdX = x - 1; 
....................    g_LcdY = y - 1; 
....................   #endif 
.................... } 
0140:  RETURN
....................  
.................... void lcd_putc(char c) 
.................... { 
....................    switch (c) 
....................    { 
0141:  MOVF   24,W
0142:  XORLW  07
0143:  BTFSC  03.2
0144:  GOTO   14F
0145:  XORLW  0B
0146:  BTFSC  03.2
0147:  GOTO   154
0148:  XORLW  06
0149:  BTFSC  03.2
014A:  GOTO   15C
014B:  XORLW  02
014C:  BTFSC  03.2
014D:  GOTO   162
014E:  GOTO   167
....................       case '\a'   :  lcd_gotoxy(1,1);     break; 
014F:  MOVLW  01
0150:  MOVWF  25
0151:  MOVWF  26
0152:  CALL   12F
0153:  GOTO   16D
....................  
....................       case '\f'   :  lcd_send_byte(0,1); 
0154:  CLRF   29
0155:  MOVLW  01
0156:  MOVWF  2A
0157:  CALL   092
....................                      delay_ms(2); 
0158:  MOVLW  02
0159:  MOVWF  25
015A:  CALL   021
....................                     #if defined(LCD_EXTENDED_NEWLINE) 
....................                      g_LcdX = 0; 
....................                      g_LcdY = 0; 
....................                     #endif 
....................                      break; 
015B:  GOTO   16D
....................  
....................      #if defined(LCD_EXTENDED_NEWLINE) 
....................       case '\r'   :  lcd_gotoxy(1, g_LcdY+1);   break; 
....................       case '\n'   : 
....................          while (g_LcdX++ < LCD_LINE_LENGTH) 
....................          { 
....................             lcd_send_byte(1, ' '); 
....................          } 
....................          lcd_gotoxy(1, g_LcdY+2); 
....................          break; 
....................      #else 
....................       case '\n'   : lcd_gotoxy(1,2);        break; 
015C:  MOVLW  01
015D:  MOVWF  25
015E:  MOVLW  02
015F:  MOVWF  26
0160:  CALL   12F
0161:  GOTO   16D
....................      #endif 
....................       
....................       case '\b'   : lcd_send_byte(0,0x10);  break; 
0162:  CLRF   29
0163:  MOVLW  10
0164:  MOVWF  2A
0165:  CALL   092
0166:  GOTO   16D
....................       
....................      #if defined(LCD_EXTENDED_NEWLINE) 
....................       default     :  
....................          if (g_LcdX < LCD_LINE_LENGTH) 
....................          { 
....................             lcd_send_byte(1, c); 
....................             g_LcdX++; 
....................          } 
....................          break; 
....................      #else 
....................       default     : lcd_send_byte(1,c);     break; 
0167:  MOVLW  01
0168:  MOVWF  29
0169:  MOVF   24,W
016A:  MOVWF  2A
016B:  CALL   092
016C:  GOTO   16D
....................      #endif 
....................    } 
.................... } 
016D:  RETURN
....................   
.................... char lcd_getc(BYTE x, BYTE y) 
.................... { 
....................    char value; 
....................  
....................    lcd_gotoxy(x,y); 
....................    while ( bit_test(lcd_read_byte(),7) ); // wait until busy flag is low 
....................    lcd_output_rs(1); 
....................    value = lcd_read_byte(); 
....................    lcd_output_rs(0); 
....................     
....................    return(value); 
.................... } 
....................  
....................  
.................... void main() 
.................... { 
*
01B4:  CLRF   04
01B5:  BCF    03.7
01B6:  MOVLW  1F
01B7:  ANDWF  03,F
01B8:  BSF    03.5
01B9:  BSF    1F.0
01BA:  BSF    1F.1
01BB:  BSF    1F.2
01BC:  BCF    1F.3
01BD:  MOVLW  07
01BE:  MOVWF  1C
....................    set_tris_d(0b00001100); // RD2 y RD3 como entradas 
01BF:  MOVLW  0C
01C0:  MOVWF  08
....................    output_d(0x00); 
01C1:  BCF    03.5
01C2:  CLRF   08
....................    lcd_init(); 
01C3:  GOTO   0EE
....................    delay_ms(100);// esperamos 100 segundos para limpar todo  
01C4:  MOVLW  64
01C5:  MOVWF  25
01C6:  CALL   021
....................     
....................    while(1){ 
....................        
....................       // PRIMERO evaluar AMBOS botones 
....................       if ((input(PIN_D3)) && (input(PIN_D2))){ 
01C7:  BTFSS  08.3
01C8:  GOTO   1E3
01C9:  BTFSS  08.2
01CA:  GOTO   1E3
....................             
....................             delay_ms(100); 
01CB:  MOVLW  64
01CC:  MOVWF  25
01CD:  CALL   021
....................             lcd_putc("\f"); // limpiamoz pantalla  
01CE:  MOVLW  0C
01CF:  BSF    03.6
01D0:  MOVWF  0D
01D1:  MOVLW  00
01D2:  MOVWF  0F
01D3:  BCF    03.6
01D4:  CALL   16E
....................             lcd_gotoxy(1,1);// colocamos el cursor  
01D5:  MOVLW  01
01D6:  MOVWF  25
01D7:  MOVWF  26
01D8:  CALL   12F
....................             printf(lcd_putc,"3.-Ambos");// imprimirmos  
01D9:  MOVLW  0D
01DA:  BSF    03.6
01DB:  MOVWF  0D
01DC:  MOVLW  00
01DD:  MOVWF  0F
01DE:  BCF    03.6
01DF:  CALL   16E
....................             output_d(0b00000011);// prendemos  
01E0:  MOVLW  03
01E1:  MOVWF  08
....................        
....................       } 
....................        
....................       else if (input(PIN_D3)){ 
01E2:  GOTO   21F
01E3:  BTFSS  08.3
01E4:  GOTO   1FD
....................        
....................             delay_ms(100); 
01E5:  MOVLW  64
01E6:  MOVWF  25
01E7:  CALL   021
....................             lcd_putc("\f");  
01E8:  MOVLW  12
01E9:  BSF    03.6
01EA:  MOVWF  0D
01EB:  MOVLW  00
01EC:  MOVWF  0F
01ED:  BCF    03.6
01EE:  CALL   16E
....................             lcd_gotoxy(1,1); 
01EF:  MOVLW  01
01F0:  MOVWF  25
01F1:  MOVWF  26
01F2:  CALL   12F
....................             printf(lcd_putc,"1.-Primero"); 
01F3:  MOVLW  13
01F4:  BSF    03.6
01F5:  MOVWF  0D
01F6:  MOVLW  00
01F7:  MOVWF  0F
01F8:  BCF    03.6
01F9:  CALL   16E
....................             output_d(0b00000001); 
01FA:  MOVLW  01
01FB:  MOVWF  08
....................        
....................       } 
....................       else if (input(PIN_D2)){ 
01FC:  GOTO   21F
01FD:  BTFSS  08.2
01FE:  GOTO   217
....................        
....................             delay_ms(100); 
01FF:  MOVLW  64
0200:  MOVWF  25
0201:  CALL   021
....................             lcd_putc("\f");  
0202:  MOVLW  19
0203:  BSF    03.6
0204:  MOVWF  0D
0205:  MOVLW  00
0206:  MOVWF  0F
0207:  BCF    03.6
0208:  CALL   16E
....................             lcd_gotoxy(1,1); 
0209:  MOVLW  01
020A:  MOVWF  25
020B:  MOVWF  26
020C:  CALL   12F
....................             printf(lcd_putc,"2.-Segundo"); 
020D:  MOVLW  1A
020E:  BSF    03.6
020F:  MOVWF  0D
0210:  MOVLW  00
0211:  MOVWF  0F
0212:  BCF    03.6
0213:  CALL   16E
....................             output_d(0b00000010); 
0214:  MOVLW  02
0215:  MOVWF  08
....................        
....................       } 
....................       else{ 
0216:  GOTO   21F
....................             lcd_putc("\f"); 
0217:  MOVLW  20
0218:  BSF    03.6
0219:  MOVWF  0D
021A:  MOVLW  00
021B:  MOVWF  0F
021C:  BCF    03.6
021D:  CALL   16E
....................             output_d(0b00000000); 
021E:  CLRF   08
....................       } 
....................       
....................    } 
021F:  GOTO   1C7
.................... } 
0220:  SLEEP

Configuration Fuses:
   Word  1: 3F71   XT NOWDT PUT BROWNOUT NOLVP NOCPD NOWRT NODEBUG NOPROTECT
