
ROM used: 89 (1%)
          89 (1%) including unused fragments

          0 Average locations per line
          4 Average locations per statement

RAM used: 7 (2%) at main() level
          8 (2%) worst case

Stack used: 1 worst case (out of 8 total available)

Lines Stmts  %   Files
----- ----- ---  -----
   57    23 100  main.c
  330     0   0  ..\..\..\..\Program Files (x86)\PICC\devices\16f877a.h
----- -----
  387    23 Total

Page ROM  %  RAM   Vol Diff  Functions:
---- --- --- ---   --- ----  ----------
0     21  24   1             @delay_ms1
0     64  72   1   472  4.3  main

Program metrics:
    Functions               1
    Statements              23
    Comments                84
    Volume (V)              475
    Difficilty (D)          4.2
    Effort to implement (E) 1972
    Time to implement (T)   2 minutes
    Est Delivered Bugs (B)  0
    Cyclomatic Complexity   3
    Maintainability (MI)    137

 Segment     Used  Free
-----------  ----  ----
00000-00003     4  0  
00004-007FF    85  1959  
00800-00FFF     0  2048  
01000-017FF     0  2048  
01800-01FFF     0  2048  



