
ROM used: 478 (6%)
          478 (6%) including unused fragments

          1 Average locations per line
          4 Average locations per statement

RAM used: 5 (1%) at main() level
          27 (7%) worst case

Stack used: 4 worst case (out of 8 total available)

Lines Stmts  %   Files
----- ----- ---  -----
   83    37  29  fantasma.c
  330     0   0  ..\..\..\..\..\Program Files (x86)\PICC\devices\16f877a.h
  411    91  71  ..\..\..\..\..\Program Files (x86)\PICC\drivers\lcd.c
----- -----
  824   128 Total

Page ROM  %  RAM   Vol Diff  Functions:
---- --- --- ---   --- ----  ----------
0     21   4   1             @delay_ms1
0      8   2   0             @const73
 Inline        3   751  4.5  lcd_read_byte
0     49  10   2   254  3.7  lcd_read_nibble
0     43   9   1   391  2.4  lcd_send_nibble
0     92  19   3   402  3.6  lcd_send_byte
0     65  14   2   754  5.0  lcd_init
0     18   4   4   191  5.8  lcd_gotoxy
0     45   9   1   354  4.7  lcd_putc
0     40   8   5   249  5.5  lcd_set_cgram_char
0     93  19   0  1004  7.0  MAIN

Program metrics:
    Functions               9
    Statements              128
    Comments                194
    Volume (V)              6649
    Difficilty (D)          41.6
    Effort to implement (E) 276913
    Time to implement (T)   4 hours, 16 minutes
    Est Delivered Bugs (B)  1
    Cyclomatic Complexity   13
    Maintainability (MI)    133

 Segment     Used  Free
-----------  ----  ----
00000-00003     4  0  
00004-007FF   474  1570  
00800-00FFF     0  2048  
01000-017FF     0  2048  
01800-01FFF     0  2048  



