CCS PCM C Compiler, Version 4.114, 93460303               29-dic.-25 19:25

               Filename: C:\Users\isaac\Desktop\pic16f877a\fantasma\fantasma.lst

               ROM used: 478 words (6%)
                         Largest free fragment is 2048
               RAM used: 5 (1%) at main() level
                         27 (7%) worst case
               Stack:    4 locations

*
0000:  MOVLW  01
0001:  MOVWF  0A
0002:  GOTO   181
0003:  NOP
.................... /*aca  haremos la practica del fantasma*/ 
.................... #include <16f877a.h> 
.................... //////// Standard Header file for the PIC16F877A device //////////////// 
.................... #device PIC16F877A 
.................... #list 
....................  
.................... #fuses XT,NOWDT 
.................... #use delay(clock=4M) 
000C:  MOVLW  2D
000D:  MOVWF  04
000E:  BCF    03.7
000F:  MOVF   00,W
0010:  BTFSC  03.2
0011:  GOTO   020
0012:  MOVLW  01
0013:  MOVWF  78
0014:  CLRF   77
0015:  DECFSZ 77,F
0016:  GOTO   015
0017:  DECFSZ 78,F
0018:  GOTO   014
0019:  MOVLW  4A
001A:  MOVWF  77
001B:  DECFSZ 77,F
001C:  GOTO   01B
001D:  GOTO   01E
001E:  DECFSZ 00,F
001F:  GOTO   012
0020:  RETURN
.................... #use fast_io(B) 
.................... #define lcd_rs_pin     pin_d0 
.................... #define lcd_rw_pin     pin_d1 
.................... #define lcd_enable_pin pin_d2 
.................... #define lcd_data4      pin_d4 
.................... #define lcd_data5      pin_d5 
.................... #define lcd_data6      pin_d6 
.................... #define lcd_data7      pin_d7 
.................... #include <lcd.c> 
.................... /////////////////////////////////////////////////////////////////////////////// 
.................... ////                             LCD.C                                     //// 
.................... ////                 Driver for common LCD modules                         //// 
.................... ////                                                                       //// 
.................... ////  lcd_init()   Must be called before any other function.               //// 
.................... ////                                                                       //// 
.................... ////  lcd_putc(c)  Will display c on the next position of the LCD.         //// 
.................... ////                 \a  Set cursor position to upper left                 //// 
.................... ////                 \f  Clear display, set cursor to upper left           //// 
.................... ////                 \n  Go to start of second line                        //// 
.................... ////                 \b  Move back one position                            //// 
.................... ////              If LCD_EXTENDED_NEWLINE is defined, the \n character     //// 
.................... ////              will erase all remanining characters on the current      //// 
.................... ////              line, and move the cursor to the beginning of the next   //// 
.................... ////              line.                                                    //// 
.................... ////              If LCD_EXTENDED_NEWLINE is defined, the \r character     //// 
.................... ////              will move the cursor to the start of the current         //// 
.................... ////              line.                                                    //// 
.................... ////                                                                       //// 
.................... ////  lcd_gotoxy(x,y) Set write position on LCD (upper left is 1,1)        //// 
.................... ////                                                                       //// 
.................... ////  lcd_getc(x,y)   Returns character at position x,y on LCD             //// 
.................... ////                                                                       //// 
.................... ////  CONFIGURATION                                                        //// 
.................... ////  The LCD can be configured in one of two ways: a.) port access or     //// 
.................... ////  b.) pin access.  Port access requires the entire 7 bit interface     //// 
.................... ////  connected to one GPIO port, and the data bits (D4:D7 of the LCD)     //// 
.................... ////  connected to sequential pins on the GPIO.  Pin access                //// 
.................... ////  has no requirements, all 7 bits of the control interface can         //// 
.................... ////  can be connected to any GPIO using several ports.                    //// 
.................... ////                                                                       //// 
.................... ////  To use port access, #define LCD_DATA_PORT to the SFR location of     //// 
.................... ////  of the GPIO port that holds the interface, -AND- edit LCD_PIN_MAP    //// 
.................... ////  of this file to configure the pin order.  If you are using a         //// 
.................... ////  baseline PIC (PCB), then LCD_OUTPUT_MAP and LCD_INPUT_MAP also must  //// 
.................... ////  be defined.                                                          //// 
.................... ////                                                                       //// 
.................... ////  Example of port access:                                              //// 
.................... ////     #define LCD_DATA_PORT getenv("SFR:PORTD")                         //// 
.................... ////                                                                       //// 
.................... ////  To use pin access, the following pins must be defined:               //// 
.................... ////     LCD_ENABLE_PIN                                                    //// 
.................... ////     LCD_RS_PIN                                                        //// 
.................... ////     LCD_RW_PIN                                                        //// 
.................... ////     LCD_DATA4                                                         //// 
.................... ////     LCD_DATA5                                                         //// 
.................... ////     LCD_DATA6                                                         //// 
.................... ////     LCD_DATA7                                                         //// 
.................... ////                                                                       //// 
.................... ////  Example of pin access:                                               //// 
.................... ////     #define LCD_ENABLE_PIN  PIN_E0                                    //// 
.................... ////     #define LCD_RS_PIN      PIN_E1                                    //// 
.................... ////     #define LCD_RW_PIN      PIN_E2                                    //// 
.................... ////     #define LCD_DATA4       PIN_D4                                    //// 
.................... ////     #define LCD_DATA5       PIN_D5                                    //// 
.................... ////     #define LCD_DATA6       PIN_D6                                    //// 
.................... ////     #define LCD_DATA7       PIN_D7                                    //// 
.................... ////                                                                       //// 
.................... /////////////////////////////////////////////////////////////////////////////// 
.................... ////        (C) Copyright 1996,2010 Custom Computer Services           //// 
.................... //// This source code may only be used by licensed users of the CCS C  //// 
.................... //// compiler.  This source code may only be distributed to other      //// 
.................... //// licensed users of the CCS C compiler.  No other use, reproduction //// 
.................... //// or distribution is permitted without written permission.          //// 
.................... //// Derivative programs created using this software in object code    //// 
.................... //// form are not restricted in any way.                               //// 
.................... /////////////////////////////////////////////////////////////////////////// 
....................  
.................... // define the pinout. 
.................... // only required if port access is being used. 
.................... typedef struct   
.................... {                            // This structure is overlayed 
....................    BOOLEAN enable;           // on to an I/O port to gain 
....................    BOOLEAN rs;               // access to the LCD pins. 
....................    BOOLEAN rw;               // The bits are allocated from 
....................    BOOLEAN unused;           // low order up.  ENABLE will 
....................    int     data : 4;         // be LSB pin of that port. 
....................   #if defined(__PCD__)       // The port used will be LCD_DATA_PORT. 
....................    int    reserved: 8; 
....................   #endif 
.................... } LCD_PIN_MAP; 
....................  
.................... // this is to improve compatability with previous LCD drivers that accepted 
.................... // a define labeled 'use_portb_lcd' that configured the LCD onto port B. 
.................... #if ((defined(use_portb_lcd)) && (use_portb_lcd==TRUE)) 
....................  #define LCD_DATA_PORT getenv("SFR:PORTB") 
.................... #endif 
....................  
.................... #if defined(__PCB__) 
....................    // these definitions only need to be modified for baseline PICs. 
....................    // all other PICs use LCD_PIN_MAP or individual LCD_xxx pin definitions. 
.................... /*                                    EN, RS,   RW,   UNUSED,  DATA  */ 
....................  const LCD_PIN_MAP LCD_OUTPUT_MAP =  {0,  0,    0,    0,       0}; 
....................  const LCD_PIN_MAP LCD_INPUT_MAP =   {0,  0,    0,    0,       0xF}; 
.................... #endif 
....................  
.................... ////////////////////// END CONFIGURATION /////////////////////////////////// 
....................  
.................... #ifndef LCD_ENABLE_PIN 
....................    #define lcd_output_enable(x) lcdlat.enable=x 
....................    #define lcd_enable_tris()   lcdtris.enable=0 
.................... #else 
....................    #define lcd_output_enable(x) output_bit(LCD_ENABLE_PIN, x) 
....................    #define lcd_enable_tris()  output_drive(LCD_ENABLE_PIN) 
.................... #endif 
....................  
.................... #ifndef LCD_RS_PIN 
....................    #define lcd_output_rs(x) lcdlat.rs=x 
....................    #define lcd_rs_tris()   lcdtris.rs=0 
.................... #else 
....................    #define lcd_output_rs(x) output_bit(LCD_RS_PIN, x) 
....................    #define lcd_rs_tris()  output_drive(LCD_RS_PIN) 
.................... #endif 
....................  
.................... #ifndef LCD_RW_PIN 
....................    #define lcd_output_rw(x) lcdlat.rw=x 
....................    #define lcd_rw_tris()   lcdtris.rw=0 
.................... #else 
....................    #define lcd_output_rw(x) output_bit(LCD_RW_PIN, x) 
....................    #define lcd_rw_tris()  output_drive(LCD_RW_PIN) 
.................... #endif 
....................  
.................... // original version of this library incorrectly labeled LCD_DATA0 as LCD_DATA4, 
.................... // LCD_DATA1 as LCD_DATA5, and so on.  this block of code makes the driver 
.................... // compatible with any code written for the original library 
.................... #if (defined(LCD_DATA0) && defined(LCD_DATA1) && defined(LCD_DATA2) && defined(LCD_DATA3) && !defined(LCD_DATA4) && !defined(LCD_DATA5) && !defined(LCD_DATA6) && !defined(LCD_DATA7)) 
....................    #define  LCD_DATA4    LCD_DATA0 
....................    #define  LCD_DATA5    LCD_DATA1 
....................    #define  LCD_DATA6    LCD_DATA2 
....................    #define  LCD_DATA7    LCD_DATA3 
.................... #endif 
....................  
.................... #ifndef LCD_DATA4 
.................... #ifndef LCD_DATA_PORT 
....................    #if defined(__PCB__) 
....................       #define LCD_DATA_PORT      0x06     //portb 
....................       #define set_tris_lcd(x)   set_tris_b(x) 
....................    #else 
....................      #if defined(PIN_D0) 
....................       #define LCD_DATA_PORT      getenv("SFR:PORTD")     //portd 
....................      #else 
....................       #define LCD_DATA_PORT      getenv("SFR:PORTB")     //portb 
....................      #endif 
....................    #endif    
.................... #endif 
....................  
.................... #if defined(__PCB__) 
....................    LCD_PIN_MAP lcd, lcdlat; 
....................    #byte lcd = LCD_DATA_PORT 
....................    #byte lcdlat = LCD_DATA_PORT 
.................... #elif defined(__PCM__) 
....................    LCD_PIN_MAP lcd, lcdlat, lcdtris; 
....................    #byte lcd = LCD_DATA_PORT 
....................    #byte lcdlat = LCD_DATA_PORT 
....................    #byte lcdtris = LCD_DATA_PORT+0x80 
.................... #elif defined(__PCH__) 
....................    LCD_PIN_MAP lcd, lcdlat, lcdtris; 
....................    #byte lcd = LCD_DATA_PORT 
....................    #byte lcdlat = LCD_DATA_PORT+9 
....................    #byte lcdtris = LCD_DATA_PORT+0x12 
.................... #elif defined(__PCD__) 
....................    LCD_PIN_MAP lcd, lcdlat, lcdtris; 
....................    #word lcd = LCD_DATA_PORT 
....................    #word lcdlat = LCD_DATA_PORT+2 
....................    #word lcdtris = LCD_DATA_PORT-0x02 
.................... #endif 
.................... #endif   //LCD_DATA4 not defined 
....................  
.................... #ifndef LCD_TYPE 
....................    #define LCD_TYPE 2           // 0=5x7, 1=5x10, 2=2 lines 
.................... #endif 
....................  
.................... #ifndef LCD_LINE_TWO 
....................    #define LCD_LINE_TWO 0x40    // LCD RAM address for the second line 
.................... #endif 
....................  
.................... #ifndef LCD_LINE_LENGTH 
....................    #define LCD_LINE_LENGTH 20 
.................... #endif 
....................  
.................... BYTE const LCD_INIT_STRING[4] = {0x20 | (LCD_TYPE << 2), 0xc, 1, 6}; 
....................                              // These bytes need to be sent to the LCD 
....................                              // to start it up. 
....................  
.................... BYTE lcd_read_nibble(void); 
....................  
.................... BYTE lcd_read_byte(void) 
.................... { 
....................    BYTE low,high; 
....................  
....................  #if defined(__PCB__) 
....................    set_tris_lcd(LCD_INPUT_MAP); 
....................  #else 
....................   #if (defined(LCD_DATA4) && defined(LCD_DATA5) && defined(LCD_DATA6) && defined(LCD_DATA7)) 
....................    output_float(LCD_DATA4); 
*
0085:  BSF    08.4
....................    output_float(LCD_DATA5); 
0086:  BSF    08.5
....................    output_float(LCD_DATA6); 
0087:  BSF    08.6
....................    output_float(LCD_DATA7); 
0088:  BSF    08.7
....................   #else 
....................    lcdtris.data = 0xF; 
....................   #endif 
....................  #endif 
....................          
....................    lcd_output_rw(1); 
0089:  BCF    03.5
008A:  BSF    08.1
008B:  BSF    03.5
008C:  BCF    08.1
....................    delay_cycles(1); 
008D:  NOP
....................    lcd_output_enable(1); 
008E:  BCF    03.5
008F:  BSF    08.2
0090:  BSF    03.5
0091:  BCF    08.2
....................    delay_cycles(1); 
0092:  NOP
....................    high = lcd_read_nibble(); 
0093:  BCF    03.5
0094:  CALL   04C
0095:  MOVF   78,W
0096:  MOVWF  34
....................        
....................    lcd_output_enable(0); 
0097:  BCF    08.2
0098:  BSF    03.5
0099:  BCF    08.2
....................    delay_cycles(1); 
009A:  NOP
....................    lcd_output_enable(1); 
009B:  BCF    03.5
009C:  BSF    08.2
009D:  BSF    03.5
009E:  BCF    08.2
....................    delay_us(1); 
009F:  NOP
....................    low = lcd_read_nibble(); 
00A0:  BCF    03.5
00A1:  CALL   04C
00A2:  MOVF   78,W
00A3:  MOVWF  33
....................        
....................    lcd_output_enable(0); 
00A4:  BCF    08.2
00A5:  BSF    03.5
00A6:  BCF    08.2
....................  
....................  #if defined(__PCB__) 
....................    set_tris_lcd(LCD_OUTPUT_MAP); 
....................  #else 
....................   #if (defined(LCD_DATA4) && defined(LCD_DATA5) && defined(LCD_DATA6) && defined(LCD_DATA7)) 
....................    output_drive(LCD_DATA4); 
00A7:  BCF    08.4
....................    output_drive(LCD_DATA5); 
00A8:  BCF    08.5
....................    output_drive(LCD_DATA6); 
00A9:  BCF    08.6
....................    output_drive(LCD_DATA7); 
00AA:  BCF    08.7
....................   #else 
....................    lcdtris.data = 0x0; 
....................   #endif 
....................  #endif 
....................  
....................    return( (high<<4) | low); 
00AB:  BCF    03.5
00AC:  SWAPF  34,W
00AD:  MOVWF  77
00AE:  MOVLW  F0
00AF:  ANDWF  77,F
00B0:  MOVF   77,W
00B1:  IORWF  33,W
00B2:  MOVWF  78
.................... } 
....................  
.................... BYTE lcd_read_nibble(void) 
.................... { 
....................   #if (defined(LCD_DATA4) && defined(LCD_DATA5) && defined(LCD_DATA6) && defined(LCD_DATA7)) 
*
004C:  CLRF   35
....................    BYTE n = 0x00; 
....................  
....................    /* Read the data port */ 
....................    n |= input(LCD_DATA4); 
004D:  BSF    03.5
004E:  BSF    08.4
004F:  MOVLW  00
0050:  BCF    03.5
0051:  BTFSC  08.4
0052:  MOVLW  01
0053:  IORWF  35,F
....................    n |= input(LCD_DATA5) << 1; 
0054:  BSF    03.5
0055:  BSF    08.5
0056:  MOVLW  00
0057:  BCF    03.5
0058:  BTFSC  08.5
0059:  MOVLW  01
005A:  MOVWF  77
005B:  BCF    03.0
005C:  RLF    77,F
005D:  MOVF   77,W
005E:  IORWF  35,F
....................    n |= input(LCD_DATA6) << 2; 
005F:  BSF    03.5
0060:  BSF    08.6
0061:  MOVLW  00
0062:  BCF    03.5
0063:  BTFSC  08.6
0064:  MOVLW  01
0065:  MOVWF  77
0066:  RLF    77,F
0067:  RLF    77,F
0068:  MOVLW  FC
0069:  ANDWF  77,F
006A:  MOVF   77,W
006B:  IORWF  35,F
....................    n |= input(LCD_DATA7) << 3; 
006C:  BSF    03.5
006D:  BSF    08.7
006E:  MOVLW  00
006F:  BCF    03.5
0070:  BTFSC  08.7
0071:  MOVLW  01
0072:  MOVWF  77
0073:  RLF    77,F
0074:  RLF    77,F
0075:  RLF    77,F
0076:  MOVLW  F8
0077:  ANDWF  77,F
0078:  MOVF   77,W
0079:  IORWF  35,F
....................     
....................    return(n); 
007A:  MOVF   35,W
007B:  MOVWF  78
....................   #else 
....................    return(lcd.data); 
....................   #endif 
.................... } 
007C:  RETURN
....................  
.................... void lcd_send_nibble(BYTE n) 
.................... { 
....................   #if (defined(LCD_DATA4) && defined(LCD_DATA5) && defined(LCD_DATA6) && defined(LCD_DATA7)) 
....................    /* Write to the data port */ 
....................    output_bit(LCD_DATA4, bit_test(n, 0)); 
*
0021:  BTFSC  34.0
0022:  GOTO   025
0023:  BCF    08.4
0024:  GOTO   026
0025:  BSF    08.4
0026:  BSF    03.5
0027:  BCF    08.4
....................    output_bit(LCD_DATA5, bit_test(n, 1)); 
0028:  BCF    03.5
0029:  BTFSC  34.1
002A:  GOTO   02D
002B:  BCF    08.5
002C:  GOTO   02E
002D:  BSF    08.5
002E:  BSF    03.5
002F:  BCF    08.5
....................    output_bit(LCD_DATA6, bit_test(n, 2)); 
0030:  BCF    03.5
0031:  BTFSC  34.2
0032:  GOTO   035
0033:  BCF    08.6
0034:  GOTO   036
0035:  BSF    08.6
0036:  BSF    03.5
0037:  BCF    08.6
....................    output_bit(LCD_DATA7, bit_test(n, 3)); 
0038:  BCF    03.5
0039:  BTFSC  34.3
003A:  GOTO   03D
003B:  BCF    08.7
003C:  GOTO   03E
003D:  BSF    08.7
003E:  BSF    03.5
003F:  BCF    08.7
....................   #else       
....................    lcdlat.data = n; 
....................   #endif 
....................        
....................    delay_cycles(1); 
0040:  NOP
....................    lcd_output_enable(1); 
0041:  BCF    03.5
0042:  BSF    08.2
0043:  BSF    03.5
0044:  BCF    08.2
....................    delay_us(2); 
0045:  GOTO   046
....................    lcd_output_enable(0); 
0046:  BCF    03.5
0047:  BCF    08.2
0048:  BSF    03.5
0049:  BCF    08.2
.................... } 
004A:  BCF    03.5
004B:  RETURN
....................  
.................... void lcd_send_byte(BYTE address, BYTE n) 
.................... { 
....................   #if defined(__PCB__) 
....................    set_tris_lcd(LCD_OUTPUT_MAP); 
....................   #else 
....................    lcd_enable_tris(); 
*
007D:  BSF    03.5
007E:  BCF    08.2
....................    lcd_rs_tris(); 
007F:  BCF    08.0
....................    lcd_rw_tris(); 
0080:  BCF    08.1
....................   #endif 
....................  
....................    lcd_output_rs(0); 
0081:  BCF    03.5
0082:  BCF    08.0
0083:  BSF    03.5
0084:  BCF    08.0
....................    while ( bit_test(lcd_read_byte(),7) ) ; 
*
00B3:  MOVF   78,W
00B4:  MOVWF  33
00B5:  BTFSS  33.7
00B6:  GOTO   0B9
00B7:  BSF    03.5
00B8:  GOTO   085
....................    lcd_output_rs(address); 
00B9:  MOVF   31,F
00BA:  BTFSS  03.2
00BB:  GOTO   0BE
00BC:  BCF    08.0
00BD:  GOTO   0BF
00BE:  BSF    08.0
00BF:  BSF    03.5
00C0:  BCF    08.0
....................    delay_cycles(1); 
00C1:  NOP
....................    lcd_output_rw(0); 
00C2:  BCF    03.5
00C3:  BCF    08.1
00C4:  BSF    03.5
00C5:  BCF    08.1
....................    delay_cycles(1); 
00C6:  NOP
....................    lcd_output_enable(0); 
00C7:  BCF    03.5
00C8:  BCF    08.2
00C9:  BSF    03.5
00CA:  BCF    08.2
....................    lcd_send_nibble(n >> 4); 
00CB:  BCF    03.5
00CC:  SWAPF  32,W
00CD:  MOVWF  33
00CE:  MOVLW  0F
00CF:  ANDWF  33,F
00D0:  MOVF   33,W
00D1:  MOVWF  34
00D2:  CALL   021
....................    lcd_send_nibble(n & 0xf); 
00D3:  MOVF   32,W
00D4:  ANDLW  0F
00D5:  MOVWF  33
00D6:  MOVWF  34
00D7:  CALL   021
.................... } 
00D8:  RETURN
....................  
.................... #if defined(LCD_EXTENDED_NEWLINE) 
.................... unsigned int8 g_LcdX, g_LcdY; 
.................... #endif 
....................  
.................... void lcd_init(void)  
.................... { 
....................    BYTE i; 
....................  
....................  #if defined(__PCB__) 
....................    set_tris_lcd(LCD_OUTPUT_MAP); 
....................  #else 
....................   #if (defined(LCD_DATA4) && defined(LCD_DATA5) && defined(LCD_DATA6) && defined(LCD_DATA7)) 
....................    output_drive(LCD_DATA4); 
00D9:  BSF    03.5
00DA:  BCF    08.4
....................    output_drive(LCD_DATA5); 
00DB:  BCF    08.5
....................    output_drive(LCD_DATA6); 
00DC:  BCF    08.6
....................    output_drive(LCD_DATA7); 
00DD:  BCF    08.7
....................   #else 
....................    lcdtris.data = 0x0; 
....................   #endif 
....................    lcd_enable_tris(); 
00DE:  BCF    08.2
....................    lcd_rs_tris(); 
00DF:  BCF    08.0
....................    lcd_rw_tris(); 
00E0:  BCF    08.1
....................  #endif 
....................  
....................    lcd_output_rs(0); 
00E1:  BCF    03.5
00E2:  BCF    08.0
00E3:  BSF    03.5
00E4:  BCF    08.0
....................    lcd_output_rw(0); 
00E5:  BCF    03.5
00E6:  BCF    08.1
00E7:  BSF    03.5
00E8:  BCF    08.1
....................    lcd_output_enable(0); 
00E9:  BCF    03.5
00EA:  BCF    08.2
00EB:  BSF    03.5
00EC:  BCF    08.2
....................      
....................    delay_ms(15); 
00ED:  MOVLW  0F
00EE:  BCF    03.5
00EF:  MOVWF  2D
00F0:  CALL   00C
....................    for(i=1;i<=3;++i) 
00F1:  MOVLW  01
00F2:  MOVWF  2C
00F3:  MOVF   2C,W
00F4:  SUBLW  03
00F5:  BTFSS  03.0
00F6:  GOTO   101
....................    { 
....................        lcd_send_nibble(3); 
00F7:  MOVLW  03
00F8:  MOVWF  34
00F9:  CALL   021
....................        lcd_send_nibble(0); 
00FA:  CLRF   34
00FB:  CALL   021
....................        delay_ms(5); 
00FC:  MOVLW  05
00FD:  MOVWF  2D
00FE:  CALL   00C
....................    } 
00FF:  INCF   2C,F
0100:  GOTO   0F3
....................     
....................    lcd_send_nibble(2); 
0101:  MOVLW  02
0102:  MOVWF  34
0103:  CALL   021
....................    lcd_send_nibble(0); 
0104:  CLRF   34
0105:  CALL   021
....................    delay_ms(5); 
0106:  MOVLW  05
0107:  MOVWF  2D
0108:  CALL   00C
....................    for(i=0;i<=3;++i) 
0109:  CLRF   2C
010A:  MOVF   2C,W
010B:  SUBLW  03
010C:  BTFSS  03.0
010D:  GOTO   117
....................       lcd_send_byte(0,LCD_INIT_STRING[i]); 
010E:  MOVF   2C,W
010F:  CALL   004
0110:  MOVWF  2D
0111:  CLRF   31
0112:  MOVF   2D,W
0113:  MOVWF  32
0114:  CALL   07D
....................  
....................   #if defined(LCD_EXTENDED_NEWLINE) 
0115:  INCF   2C,F
0116:  GOTO   10A
....................    g_LcdX = 0; 
....................    g_LcdY = 0; 
....................   #endif 
.................... } 
0117:  BCF    0A.3
0118:  BCF    0A.4
0119:  GOTO   190 (RETURN)
....................  
.................... void lcd_gotoxy(BYTE x, BYTE y) 
.................... { 
....................    BYTE address; 
....................     
....................    if(y!=1) 
*
0142:  DECFSZ 2E,W
0143:  GOTO   145
0144:  GOTO   148
....................       address=LCD_LINE_TWO; 
0145:  MOVLW  40
0146:  MOVWF  2F
....................    else 
0147:  GOTO   149
....................       address=0; 
0148:  CLRF   2F
....................       
....................    address+=x-1; 
0149:  MOVLW  01
014A:  SUBWF  2D,W
014B:  ADDWF  2F,F
....................    lcd_send_byte(0,0x80|address); 
014C:  MOVF   2F,W
014D:  IORLW  80
014E:  MOVWF  30
014F:  CLRF   31
0150:  MOVF   30,W
0151:  MOVWF  32
0152:  CALL   07D
....................  
....................   #if defined(LCD_EXTENDED_NEWLINE) 
....................    g_LcdX = x - 1; 
....................    g_LcdY = y - 1; 
....................   #endif 
.................... } 
0153:  RETURN
....................  
.................... void lcd_putc(char c) 
.................... { 
....................    switch (c) 
....................    { 
0154:  MOVF   2C,W
0155:  XORLW  07
0156:  BTFSC  03.2
0157:  GOTO   162
0158:  XORLW  0B
0159:  BTFSC  03.2
015A:  GOTO   167
015B:  XORLW  06
015C:  BTFSC  03.2
015D:  GOTO   16F
015E:  XORLW  02
015F:  BTFSC  03.2
0160:  GOTO   175
0161:  GOTO   17A
....................       case '\a'   :  lcd_gotoxy(1,1);     break; 
0162:  MOVLW  01
0163:  MOVWF  2D
0164:  MOVWF  2E
0165:  CALL   142
0166:  GOTO   180
....................  
....................       case '\f'   :  lcd_send_byte(0,1); 
0167:  CLRF   31
0168:  MOVLW  01
0169:  MOVWF  32
016A:  CALL   07D
....................                      delay_ms(2); 
016B:  MOVLW  02
016C:  MOVWF  2D
016D:  CALL   00C
....................                     #if defined(LCD_EXTENDED_NEWLINE) 
....................                      g_LcdX = 0; 
....................                      g_LcdY = 0; 
....................                     #endif 
....................                      break; 
016E:  GOTO   180
....................  
....................      #if defined(LCD_EXTENDED_NEWLINE) 
....................       case '\r'   :  lcd_gotoxy(1, g_LcdY+1);   break; 
....................       case '\n'   : 
....................          while (g_LcdX++ < LCD_LINE_LENGTH) 
....................          { 
....................             lcd_send_byte(1, ' '); 
....................          } 
....................          lcd_gotoxy(1, g_LcdY+2); 
....................          break; 
....................      #else 
....................       case '\n'   : lcd_gotoxy(1,2);        break; 
016F:  MOVLW  01
0170:  MOVWF  2D
0171:  MOVLW  02
0172:  MOVWF  2E
0173:  CALL   142
0174:  GOTO   180
....................      #endif 
....................       
....................       case '\b'   : lcd_send_byte(0,0x10);  break; 
0175:  CLRF   31
0176:  MOVLW  10
0177:  MOVWF  32
0178:  CALL   07D
0179:  GOTO   180
....................       
....................      #if defined(LCD_EXTENDED_NEWLINE) 
....................       default     :  
....................          if (g_LcdX < LCD_LINE_LENGTH) 
....................          { 
....................             lcd_send_byte(1, c); 
....................             g_LcdX++; 
....................          } 
....................          break; 
....................      #else 
....................       default     : lcd_send_byte(1,c);     break; 
017A:  MOVLW  01
017B:  MOVWF  31
017C:  MOVF   2C,W
017D:  MOVWF  32
017E:  CALL   07D
017F:  GOTO   180
....................      #endif 
....................    } 
.................... } 
0180:  RETURN
....................   
.................... char lcd_getc(BYTE x, BYTE y) 
.................... { 
....................    char value; 
....................  
....................    lcd_gotoxy(x,y); 
....................    while ( bit_test(lcd_read_byte(),7) ); // wait until busy flag is low 
....................    lcd_output_rs(1); 
....................    value = lcd_read_byte(); 
....................    lcd_output_rs(0); 
....................     
....................    return(value); 
.................... } 
....................  
....................  
.................... // Función para crear caracteres personalizados en CGRAM 
.................... void lcd_set_cgram_char(int8 pos, int8 *patron) { 
....................     int8 i; 
....................     lcd_send_byte(0, 0x40 + (pos * 8)); // Comando para posicionar en CGRAM 
*
011A:  RLF    2C,W
011B:  MOVWF  77
011C:  RLF    77,F
011D:  RLF    77,F
011E:  MOVLW  F8
011F:  ANDWF  77,F
0120:  MOVF   77,W
0121:  ADDLW  40
0122:  MOVWF  30
0123:  CLRF   31
0124:  MOVF   30,W
0125:  MOVWF  32
0126:  CALL   07D
....................     for(i = 0; i < 8; i++) { 
0127:  CLRF   2F
0128:  MOVF   2F,W
0129:  SUBLW  07
012A:  BTFSS  03.0
012B:  GOTO   13B
....................         lcd_send_byte(1, patron[i]); // Enviar cada línea del patrón 
012C:  MOVF   2F,W
012D:  ADDWF  2D,W
012E:  MOVWF  04
012F:  BCF    03.7
0130:  BTFSC  2E.0
0131:  BSF    03.7
0132:  MOVF   00,W
0133:  MOVWF  30
0134:  MOVLW  01
0135:  MOVWF  31
0136:  MOVF   30,W
0137:  MOVWF  32
0138:  CALL   07D
....................     } 
0139:  INCF   2F,F
013A:  GOTO   128
....................     lcd_send_byte(0, 0x80); // Regresar a DDRAM 
013B:  CLRF   31
013C:  MOVLW  80
013D:  MOVWF  32
013E:  CALL   07D
.................... } 
013F:  BCF    0A.3
0140:  BCF    0A.4
0141:  GOTO   1A6 (RETURN)
....................  
.................... void main(){ 
*
0181:  CLRF   04
0182:  BCF    03.7
0183:  MOVLW  1F
0184:  ANDWF  03,F
0185:  BSF    03.5
0186:  BSF    1F.0
0187:  BSF    1F.1
0188:  BSF    1F.2
0189:  BCF    1F.3
018A:  MOVLW  07
018B:  MOVWF  1C
....................     set_tris_b(0b10000000); // B7 como entrada 
018C:  MOVLW  80
018D:  MOVWF  06
....................     lcd_init(); 
018E:  BCF    03.5
018F:  GOTO   0D9
....................     boolean anterior = false; 
....................     int pos = 1; 
....................     int fila = 1;  
....................      
....................     int8 Fantasma[8] = { 
....................         0b00001110, // ....111. 
....................         0b00011111, // ...11111 
....................         0b00010101, // ...1.1.1 
....................         0b00011111, // ...11111 
....................         0b00011111, // ...11111 
....................         0b00011111, // ...11111 
....................         0b00010101, // ...1.1.1 
....................         0b00000000  // ........ 
....................     }; 
0190:  BCF    21.0
0191:  MOVLW  01
0192:  MOVWF  22
0193:  MOVWF  23
0194:  MOVLW  0E
0195:  MOVWF  24
0196:  MOVLW  1F
0197:  MOVWF  25
0198:  MOVLW  15
0199:  MOVWF  26
019A:  MOVLW  1F
019B:  MOVWF  27
019C:  MOVWF  28
019D:  MOVWF  29
019E:  MOVLW  15
019F:  MOVWF  2A
01A0:  CLRF   2B
....................      
....................     lcd_set_cgram_char(0, Fantasma); // Guardamos nuestro caracter en CGRAM 
01A1:  CLRF   2C
01A2:  CLRF   2E
01A3:  MOVLW  24
01A4:  MOVWF  2D
01A5:  GOTO   11A
....................     lcd_putc('\f');                  // Limpiar pantalla 
01A6:  MOVLW  0C
01A7:  MOVWF  2C
01A8:  CALL   154
....................     delay_ms(2); 
01A9:  MOVLW  02
01AA:  MOVWF  2D
01AB:  CALL   00C
....................     lcd_gotoxy(1, 1);                // Volvemos a la posicion inicial 
01AC:  MOVLW  01
01AD:  MOVWF  2D
01AE:  MOVWF  2E
01AF:  CALL   142
....................     lcd_putc(0);                     // Colocamos nuestro caracter 
01B0:  CLRF   2C
01B1:  CALL   154
....................      
....................     while(true) { 
....................         if(input(PIN_B7) && !anterior) { 
01B2:  BTFSS  06.7
01B3:  GOTO   1D9
01B4:  BTFSC  21.0
01B5:  GOTO   1D9
....................             while(input(PIN_B7));    // Esperar que suelte el botón 
01B6:  BTFSC  06.7
01B7:  GOTO   1B6
....................             delay_ms(50);            // Anti-rebote 
01B8:  MOVLW  32
01B9:  MOVWF  2D
01BA:  CALL   00C
....................              
....................             // Borrar posición actual 
....................             lcd_gotoxy(pos, fila); 
01BB:  MOVF   22,W
01BC:  MOVWF  2D
01BD:  MOVF   23,W
01BE:  MOVWF  2E
01BF:  CALL   142
....................             lcd_putc(' '); 
01C0:  MOVLW  20
01C1:  MOVWF  2C
01C2:  CALL   154
....................              
....................             // Mover a siguiente posición 
....................             pos++; 
01C3:  INCF   22,F
....................              
....................             // Lógica de cambio de fila 
....................             if(pos > 16) { 
01C4:  MOVF   22,W
01C5:  SUBLW  10
01C6:  BTFSC  03.0
01C7:  GOTO   1D1
....................                 pos = 1;              // Reiniciar columna 
01C8:  MOVLW  01
01C9:  MOVWF  22
....................                 if(fila == 1) { 
01CA:  DECFSZ 23,W
01CB:  GOTO   1CF
....................                     fila = 2;         // Pasar a fila 2 
01CC:  MOVLW  02
01CD:  MOVWF  23
....................                 } else { 
01CE:  GOTO   1D1
....................                     fila = 1;         // Regresar a fila 1 
01CF:  MOVLW  01
01D0:  MOVWF  23
....................                 } 
....................             } 
....................              
....................             // Mostrar fantasma en nueva posición 
....................             lcd_gotoxy(pos, fila); 
01D1:  MOVF   22,W
01D2:  MOVWF  2D
01D3:  MOVF   23,W
01D4:  MOVWF  2E
01D5:  CALL   142
....................             lcd_putc(0); 
01D6:  CLRF   2C
01D7:  CALL   154
....................              
....................             anterior = true; 
01D8:  BSF    21.0
....................         } 
....................          
....................         if(!input(PIN_B7)) { 
01D9:  BTFSC  06.7
01DA:  GOTO   1DC
....................             anterior = false;        // Resetear cuando suelta el botón 
01DB:  BCF    21.0
....................         } 
....................     } 
01DC:  GOTO   1B2
.................... } 
01DD:  SLEEP

Configuration Fuses:
   Word  1: 3F71   XT NOWDT PUT BROWNOUT NOLVP NOCPD NOWRT NODEBUG NOPROTECT
