
ROM used: 81 (1%)
          81 (1%) including unused fragments

          0 Average locations per line
          4 Average locations per statement

RAM used: 5 (1%) at main() level
          8 (2%) worst case

Stack used: 1 worst case (out of 8 total available)

Lines Stmts  %   Files
----- ----- ---  -----
   34    20 100  rotacion.c
  330     0   0  ..\..\..\..\..\Program Files (x86)\PICC\devices\16f877a.h
----- -----
  364    20 Total

Page ROM  %  RAM   Vol Diff  Functions:
---- --- --- ---   --- ----  ----------
0     23  28   1             @delay_ms1
0     54  67   0   409  4.7  main

Program metrics:
    Functions               1
    Statements              20
    Comments                81
    Volume (V)              412
    Difficilty (D)          4.6
    Effort to implement (E) 1883
    Time to implement (T)   2 minutes
    Est Delivered Bugs (B)  0
    Cyclomatic Complexity   3
    Maintainability (MI)    140

 Segment     Used  Free
-----------  ----  ----
00000-00003     4  0  
00004-007FF    77  1967  
00800-00FFF     0  2048  
01000-017FF     0  2048  
01800-01FFF     0  2048  



