
ROM used: 86 (1%)
          86 (1%) including unused fragments

          0 Average locations per line
          6 Average locations per statement

RAM used: 6 (2%) at main() level
          17 (5%) worst case

Stack used: 1 worst case (out of 8 total available)

Lines Stmts  %   Files
----- ----- ---  -----
   37    15 100  seg.c
  330     0   0  ..\..\..\..\..\Program Files (x86)\PICC\devices\16f877a.h
----- -----
  367    15 Total

Page ROM  %  RAM   Vol Diff  Functions:
---- --- --- ---   --- ----  ----------
0     23  27   1             @delay_ms1
0     59  69   1   444  5.3  main

Program metrics:
    Functions               1
    Statements              15
    Comments                83
    Volume (V)              447
    Difficilty (D)          5.2
    Effort to implement (E) 2325
    Time to implement (T)   2 minutes
    Est Delivered Bugs (B)  0
    Cyclomatic Complexity   2
    Maintainability (MI)    145

 Segment     Used  Free
-----------  ----  ----
00000-00003     4  0  
00004-007FF    82  1962  
00800-00FFF     0  2048  
01000-017FF     0  2048  
01800-01FFF     0  2048  



