
ROM used: 723 (9%)
          723 (9%) including unused fragments

          1 Average locations per line
          4 Average locations per statement

RAM used: 7 (2%) at main() level
          22 (6%) worst case

Stack used: 5 worst case (out of 8 total available)

Lines Stmts  %   Files
----- ----- ---  -----
  153    90  50  menubt.c
  330     0   0  ..\..\..\..\..\Program Files (x86)\PICC\devices\16f877a.h
  411    91  50  ..\..\..\..\..\Program Files (x86)\PICC\drivers\lcd.c
----- -----
  894   181 Total

Page ROM  %  RAM   Vol Diff  Functions:
---- --- --- ---   --- ----  ----------
0     21   3   1             @delay_ms1
0      8   1   0             @const73
 Inline        3   751  4.5  lcd_read_byte
0     49   7   2   254  3.7  lcd_read_nibble
0     43   6   1   391  2.4  lcd_send_nibble
0     92  13   3   402  3.6  lcd_send_byte
0     65   9   2   754  5.0  lcd_init
0     18   2   4   191  5.8  lcd_gotoxy
0     45   6   1   354  4.7  lcd_putc
0      8   1   0    48  1.1  beep_corto
0     16   2   0   127  1.3  beep_doble
0     18   2   1   156  3.1  beep_triple
0     16   2   1   204  2.3  encender
0    199  28   2  2161  9.9  MAIN
0      7   1   0             @const109
0     70  10   3             @PSTRINGC7_91
0      9   1   0             @const111
0      5   1   0             @const112
0      9   1   0             @const113
0      6   1   0             @const114
0      9   1   0             @const115
0      6   1   0             @const116

Program metrics:
    Functions               12
    Statements              181
    Comments                185
    Volume (V)              8874
    Difficilty (D)          46.4
    Effort to implement (E) 411782
    Time to implement (T)   6 hours, 21 minutes
    Est Delivered Bugs (B)  2
    Cyclomatic Complexity   26
    Maintainability (MI)    82

 Segment     Used  Free
-----------  ----  ----
00000-00003     4  0  
00004-007FF   719  1325  
00800-00FFF     0  2048  
01000-017FF     0  2048  
01800-01FFF     0  2048  



