CCS PCM C Compiler, Version 4.114, 93460303               27-dic.-25 16:53

               Filename: C:\Users\isaac\Desktop\pic16f877a\menubotones\menubt.lst

               ROM used: 723 words (9%)
                         Largest free fragment is 2048
               RAM used: 7 (2%) at main() level
                         22 (6%) worst case
               Stack:    5 locations

*
0000:  MOVLW  02
0001:  MOVWF  0A
0002:  GOTO   20C
0003:  NOP
.................... #include <16f877a.h> 
.................... //////// Standard Header file for the PIC16F877A device //////////////// 
.................... #device PIC16F877A 
.................... #list 
....................  
.................... #fuses XT,NOWDT 
.................... #use delay(clock=4M) 
*
003F:  MOVLW  28
0040:  MOVWF  04
0041:  BCF    03.7
0042:  MOVF   00,W
0043:  BTFSC  03.2
0044:  GOTO   053
0045:  MOVLW  01
0046:  MOVWF  78
0047:  CLRF   77
0048:  DECFSZ 77,F
0049:  GOTO   048
004A:  DECFSZ 78,F
004B:  GOTO   047
004C:  MOVLW  4A
004D:  MOVWF  77
004E:  DECFSZ 77,F
004F:  GOTO   04E
0050:  GOTO   051
0051:  DECFSZ 00,F
0052:  GOTO   045
0053:  RETURN
.................... #use fast_io(B) 
.................... #use fast_io(C) 
....................  
.................... #define lcd_rs_pin     pin_d0 
.................... #define lcd_rw_pin     pin_d1 
.................... #define lcd_enable_pin pin_d2 
.................... #define lcd_data4      pin_d4 
.................... #define lcd_data5      pin_d5 
.................... #define lcd_data6      pin_d6 
.................... #define lcd_data7      pin_d7 
.................... #include <lcd.c> 
.................... /////////////////////////////////////////////////////////////////////////////// 
.................... ////                             LCD.C                                     //// 
.................... ////                 Driver for common LCD modules                         //// 
.................... ////                                                                       //// 
.................... ////  lcd_init()   Must be called before any other function.               //// 
.................... ////                                                                       //// 
.................... ////  lcd_putc(c)  Will display c on the next position of the LCD.         //// 
.................... ////                 \a  Set cursor position to upper left                 //// 
.................... ////                 \f  Clear display, set cursor to upper left           //// 
.................... ////                 \n  Go to start of second line                        //// 
.................... ////                 \b  Move back one position                            //// 
.................... ////              If LCD_EXTENDED_NEWLINE is defined, the \n character     //// 
.................... ////              will erase all remanining characters on the current      //// 
.................... ////              line, and move the cursor to the beginning of the next   //// 
.................... ////              line.                                                    //// 
.................... ////              If LCD_EXTENDED_NEWLINE is defined, the \r character     //// 
.................... ////              will move the cursor to the start of the current         //// 
.................... ////              line.                                                    //// 
.................... ////                                                                       //// 
.................... ////  lcd_gotoxy(x,y) Set write position on LCD (upper left is 1,1)        //// 
.................... ////                                                                       //// 
.................... ////  lcd_getc(x,y)   Returns character at position x,y on LCD             //// 
.................... ////                                                                       //// 
.................... ////  CONFIGURATION                                                        //// 
.................... ////  The LCD can be configured in one of two ways: a.) port access or     //// 
.................... ////  b.) pin access.  Port access requires the entire 7 bit interface     //// 
.................... ////  connected to one GPIO port, and the data bits (D4:D7 of the LCD)     //// 
.................... ////  connected to sequential pins on the GPIO.  Pin access                //// 
.................... ////  has no requirements, all 7 bits of the control interface can         //// 
.................... ////  can be connected to any GPIO using several ports.                    //// 
.................... ////                                                                       //// 
.................... ////  To use port access, #define LCD_DATA_PORT to the SFR location of     //// 
.................... ////  of the GPIO port that holds the interface, -AND- edit LCD_PIN_MAP    //// 
.................... ////  of this file to configure the pin order.  If you are using a         //// 
.................... ////  baseline PIC (PCB), then LCD_OUTPUT_MAP and LCD_INPUT_MAP also must  //// 
.................... ////  be defined.                                                          //// 
.................... ////                                                                       //// 
.................... ////  Example of port access:                                              //// 
.................... ////     #define LCD_DATA_PORT getenv("SFR:PORTD")                         //// 
.................... ////                                                                       //// 
.................... ////  To use pin access, the following pins must be defined:               //// 
.................... ////     LCD_ENABLE_PIN                                                    //// 
.................... ////     LCD_RS_PIN                                                        //// 
.................... ////     LCD_RW_PIN                                                        //// 
.................... ////     LCD_DATA4                                                         //// 
.................... ////     LCD_DATA5                                                         //// 
.................... ////     LCD_DATA6                                                         //// 
.................... ////     LCD_DATA7                                                         //// 
.................... ////                                                                       //// 
.................... ////  Example of pin access:                                               //// 
.................... ////     #define LCD_ENABLE_PIN  PIN_E0                                    //// 
.................... ////     #define LCD_RS_PIN      PIN_E1                                    //// 
.................... ////     #define LCD_RW_PIN      PIN_E2                                    //// 
.................... ////     #define LCD_DATA4       PIN_D4                                    //// 
.................... ////     #define LCD_DATA5       PIN_D5                                    //// 
.................... ////     #define LCD_DATA6       PIN_D6                                    //// 
.................... ////     #define LCD_DATA7       PIN_D7                                    //// 
.................... ////                                                                       //// 
.................... /////////////////////////////////////////////////////////////////////////////// 
.................... ////        (C) Copyright 1996,2010 Custom Computer Services           //// 
.................... //// This source code may only be used by licensed users of the CCS C  //// 
.................... //// compiler.  This source code may only be distributed to other      //// 
.................... //// licensed users of the CCS C compiler.  No other use, reproduction //// 
.................... //// or distribution is permitted without written permission.          //// 
.................... //// Derivative programs created using this software in object code    //// 
.................... //// form are not restricted in any way.                               //// 
.................... /////////////////////////////////////////////////////////////////////////// 
....................  
.................... // define the pinout. 
.................... // only required if port access is being used. 
.................... typedef struct   
.................... {                            // This structure is overlayed 
....................    BOOLEAN enable;           // on to an I/O port to gain 
....................    BOOLEAN rs;               // access to the LCD pins. 
....................    BOOLEAN rw;               // The bits are allocated from 
....................    BOOLEAN unused;           // low order up.  ENABLE will 
....................    int     data : 4;         // be LSB pin of that port. 
....................   #if defined(__PCD__)       // The port used will be LCD_DATA_PORT. 
....................    int    reserved: 8; 
....................   #endif 
.................... } LCD_PIN_MAP; 
....................  
.................... // this is to improve compatability with previous LCD drivers that accepted 
.................... // a define labeled 'use_portb_lcd' that configured the LCD onto port B. 
.................... #if ((defined(use_portb_lcd)) && (use_portb_lcd==TRUE)) 
....................  #define LCD_DATA_PORT getenv("SFR:PORTB") 
.................... #endif 
....................  
.................... #if defined(__PCB__) 
....................    // these definitions only need to be modified for baseline PICs. 
....................    // all other PICs use LCD_PIN_MAP or individual LCD_xxx pin definitions. 
.................... /*                                    EN, RS,   RW,   UNUSED,  DATA  */ 
....................  const LCD_PIN_MAP LCD_OUTPUT_MAP =  {0,  0,    0,    0,       0}; 
....................  const LCD_PIN_MAP LCD_INPUT_MAP =   {0,  0,    0,    0,       0xF}; 
.................... #endif 
....................  
.................... ////////////////////// END CONFIGURATION /////////////////////////////////// 
....................  
.................... #ifndef LCD_ENABLE_PIN 
....................    #define lcd_output_enable(x) lcdlat.enable=x 
....................    #define lcd_enable_tris()   lcdtris.enable=0 
.................... #else 
....................    #define lcd_output_enable(x) output_bit(LCD_ENABLE_PIN, x) 
....................    #define lcd_enable_tris()  output_drive(LCD_ENABLE_PIN) 
.................... #endif 
....................  
.................... #ifndef LCD_RS_PIN 
....................    #define lcd_output_rs(x) lcdlat.rs=x 
....................    #define lcd_rs_tris()   lcdtris.rs=0 
.................... #else 
....................    #define lcd_output_rs(x) output_bit(LCD_RS_PIN, x) 
....................    #define lcd_rs_tris()  output_drive(LCD_RS_PIN) 
.................... #endif 
....................  
.................... #ifndef LCD_RW_PIN 
....................    #define lcd_output_rw(x) lcdlat.rw=x 
....................    #define lcd_rw_tris()   lcdtris.rw=0 
.................... #else 
....................    #define lcd_output_rw(x) output_bit(LCD_RW_PIN, x) 
....................    #define lcd_rw_tris()  output_drive(LCD_RW_PIN) 
.................... #endif 
....................  
.................... // original version of this library incorrectly labeled LCD_DATA0 as LCD_DATA4, 
.................... // LCD_DATA1 as LCD_DATA5, and so on.  this block of code makes the driver 
.................... // compatible with any code written for the original library 
.................... #if (defined(LCD_DATA0) && defined(LCD_DATA1) && defined(LCD_DATA2) && defined(LCD_DATA3) && !defined(LCD_DATA4) && !defined(LCD_DATA5) && !defined(LCD_DATA6) && !defined(LCD_DATA7)) 
....................    #define  LCD_DATA4    LCD_DATA0 
....................    #define  LCD_DATA5    LCD_DATA1 
....................    #define  LCD_DATA6    LCD_DATA2 
....................    #define  LCD_DATA7    LCD_DATA3 
.................... #endif 
....................  
.................... #ifndef LCD_DATA4 
.................... #ifndef LCD_DATA_PORT 
....................    #if defined(__PCB__) 
....................       #define LCD_DATA_PORT      0x06     //portb 
....................       #define set_tris_lcd(x)   set_tris_b(x) 
....................    #else 
....................      #if defined(PIN_D0) 
....................       #define LCD_DATA_PORT      getenv("SFR:PORTD")     //portd 
....................      #else 
....................       #define LCD_DATA_PORT      getenv("SFR:PORTB")     //portb 
....................      #endif 
....................    #endif    
.................... #endif 
....................  
.................... #if defined(__PCB__) 
....................    LCD_PIN_MAP lcd, lcdlat; 
....................    #byte lcd = LCD_DATA_PORT 
....................    #byte lcdlat = LCD_DATA_PORT 
.................... #elif defined(__PCM__) 
....................    LCD_PIN_MAP lcd, lcdlat, lcdtris; 
....................    #byte lcd = LCD_DATA_PORT 
....................    #byte lcdlat = LCD_DATA_PORT 
....................    #byte lcdtris = LCD_DATA_PORT+0x80 
.................... #elif defined(__PCH__) 
....................    LCD_PIN_MAP lcd, lcdlat, lcdtris; 
....................    #byte lcd = LCD_DATA_PORT 
....................    #byte lcdlat = LCD_DATA_PORT+9 
....................    #byte lcdtris = LCD_DATA_PORT+0x12 
.................... #elif defined(__PCD__) 
....................    LCD_PIN_MAP lcd, lcdlat, lcdtris; 
....................    #word lcd = LCD_DATA_PORT 
....................    #word lcdlat = LCD_DATA_PORT+2 
....................    #word lcdtris = LCD_DATA_PORT-0x02 
.................... #endif 
.................... #endif   //LCD_DATA4 not defined 
....................  
.................... #ifndef LCD_TYPE 
....................    #define LCD_TYPE 2           // 0=5x7, 1=5x10, 2=2 lines 
.................... #endif 
....................  
.................... #ifndef LCD_LINE_TWO 
....................    #define LCD_LINE_TWO 0x40    // LCD RAM address for the second line 
.................... #endif 
....................  
.................... #ifndef LCD_LINE_LENGTH 
....................    #define LCD_LINE_LENGTH 20 
.................... #endif 
....................  
.................... BYTE const LCD_INIT_STRING[4] = {0x20 | (LCD_TYPE << 2), 0xc, 1, 6}; 
....................                              // These bytes need to be sent to the LCD 
....................                              // to start it up. 
....................  
.................... BYTE lcd_read_nibble(void); 
....................  
.................... BYTE lcd_read_byte(void) 
.................... { 
....................    BYTE low,high; 
....................  
....................  #if defined(__PCB__) 
....................    set_tris_lcd(LCD_INPUT_MAP); 
....................  #else 
....................   #if (defined(LCD_DATA4) && defined(LCD_DATA5) && defined(LCD_DATA6) && defined(LCD_DATA7)) 
....................    output_float(LCD_DATA4); 
*
00B8:  BSF    08.4
....................    output_float(LCD_DATA5); 
00B9:  BSF    08.5
....................    output_float(LCD_DATA6); 
00BA:  BSF    08.6
....................    output_float(LCD_DATA7); 
00BB:  BSF    08.7
....................   #else 
....................    lcdtris.data = 0xF; 
....................   #endif 
....................  #endif 
....................          
....................    lcd_output_rw(1); 
00BC:  BCF    03.5
00BD:  BSF    08.1
00BE:  BSF    03.5
00BF:  BCF    08.1
....................    delay_cycles(1); 
00C0:  NOP
....................    lcd_output_enable(1); 
00C1:  BCF    03.5
00C2:  BSF    08.2
00C3:  BSF    03.5
00C4:  BCF    08.2
....................    delay_cycles(1); 
00C5:  NOP
....................    high = lcd_read_nibble(); 
00C6:  BCF    03.5
00C7:  CALL   07F
00C8:  MOVF   78,W
00C9:  MOVWF  2F
....................        
....................    lcd_output_enable(0); 
00CA:  BCF    08.2
00CB:  BSF    03.5
00CC:  BCF    08.2
....................    delay_cycles(1); 
00CD:  NOP
....................    lcd_output_enable(1); 
00CE:  BCF    03.5
00CF:  BSF    08.2
00D0:  BSF    03.5
00D1:  BCF    08.2
....................    delay_us(1); 
00D2:  NOP
....................    low = lcd_read_nibble(); 
00D3:  BCF    03.5
00D4:  CALL   07F
00D5:  MOVF   78,W
00D6:  MOVWF  2E
....................        
....................    lcd_output_enable(0); 
00D7:  BCF    08.2
00D8:  BSF    03.5
00D9:  BCF    08.2
....................  
....................  #if defined(__PCB__) 
....................    set_tris_lcd(LCD_OUTPUT_MAP); 
....................  #else 
....................   #if (defined(LCD_DATA4) && defined(LCD_DATA5) && defined(LCD_DATA6) && defined(LCD_DATA7)) 
....................    output_drive(LCD_DATA4); 
00DA:  BCF    08.4
....................    output_drive(LCD_DATA5); 
00DB:  BCF    08.5
....................    output_drive(LCD_DATA6); 
00DC:  BCF    08.6
....................    output_drive(LCD_DATA7); 
00DD:  BCF    08.7
....................   #else 
....................    lcdtris.data = 0x0; 
....................   #endif 
....................  #endif 
....................  
....................    return( (high<<4) | low); 
00DE:  BCF    03.5
00DF:  SWAPF  2F,W
00E0:  MOVWF  77
00E1:  MOVLW  F0
00E2:  ANDWF  77,F
00E3:  MOVF   77,W
00E4:  IORWF  2E,W
00E5:  MOVWF  78
.................... } 
....................  
.................... BYTE lcd_read_nibble(void) 
.................... { 
....................   #if (defined(LCD_DATA4) && defined(LCD_DATA5) && defined(LCD_DATA6) && defined(LCD_DATA7)) 
*
007F:  CLRF   30
....................    BYTE n = 0x00; 
....................  
....................    /* Read the data port */ 
....................    n |= input(LCD_DATA4); 
0080:  BSF    03.5
0081:  BSF    08.4
0082:  MOVLW  00
0083:  BCF    03.5
0084:  BTFSC  08.4
0085:  MOVLW  01
0086:  IORWF  30,F
....................    n |= input(LCD_DATA5) << 1; 
0087:  BSF    03.5
0088:  BSF    08.5
0089:  MOVLW  00
008A:  BCF    03.5
008B:  BTFSC  08.5
008C:  MOVLW  01
008D:  MOVWF  77
008E:  BCF    03.0
008F:  RLF    77,F
0090:  MOVF   77,W
0091:  IORWF  30,F
....................    n |= input(LCD_DATA6) << 2; 
0092:  BSF    03.5
0093:  BSF    08.6
0094:  MOVLW  00
0095:  BCF    03.5
0096:  BTFSC  08.6
0097:  MOVLW  01
0098:  MOVWF  77
0099:  RLF    77,F
009A:  RLF    77,F
009B:  MOVLW  FC
009C:  ANDWF  77,F
009D:  MOVF   77,W
009E:  IORWF  30,F
....................    n |= input(LCD_DATA7) << 3; 
009F:  BSF    03.5
00A0:  BSF    08.7
00A1:  MOVLW  00
00A2:  BCF    03.5
00A3:  BTFSC  08.7
00A4:  MOVLW  01
00A5:  MOVWF  77
00A6:  RLF    77,F
00A7:  RLF    77,F
00A8:  RLF    77,F
00A9:  MOVLW  F8
00AA:  ANDWF  77,F
00AB:  MOVF   77,W
00AC:  IORWF  30,F
....................     
....................    return(n); 
00AD:  MOVF   30,W
00AE:  MOVWF  78
....................   #else 
....................    return(lcd.data); 
....................   #endif 
.................... } 
00AF:  RETURN
....................  
.................... void lcd_send_nibble(BYTE n) 
.................... { 
....................   #if (defined(LCD_DATA4) && defined(LCD_DATA5) && defined(LCD_DATA6) && defined(LCD_DATA7)) 
....................    /* Write to the data port */ 
....................    output_bit(LCD_DATA4, bit_test(n, 0)); 
*
0054:  BTFSC  2F.0
0055:  GOTO   058
0056:  BCF    08.4
0057:  GOTO   059
0058:  BSF    08.4
0059:  BSF    03.5
005A:  BCF    08.4
....................    output_bit(LCD_DATA5, bit_test(n, 1)); 
005B:  BCF    03.5
005C:  BTFSC  2F.1
005D:  GOTO   060
005E:  BCF    08.5
005F:  GOTO   061
0060:  BSF    08.5
0061:  BSF    03.5
0062:  BCF    08.5
....................    output_bit(LCD_DATA6, bit_test(n, 2)); 
0063:  BCF    03.5
0064:  BTFSC  2F.2
0065:  GOTO   068
0066:  BCF    08.6
0067:  GOTO   069
0068:  BSF    08.6
0069:  BSF    03.5
006A:  BCF    08.6
....................    output_bit(LCD_DATA7, bit_test(n, 3)); 
006B:  BCF    03.5
006C:  BTFSC  2F.3
006D:  GOTO   070
006E:  BCF    08.7
006F:  GOTO   071
0070:  BSF    08.7
0071:  BSF    03.5
0072:  BCF    08.7
....................   #else       
....................    lcdlat.data = n; 
....................   #endif 
....................        
....................    delay_cycles(1); 
0073:  NOP
....................    lcd_output_enable(1); 
0074:  BCF    03.5
0075:  BSF    08.2
0076:  BSF    03.5
0077:  BCF    08.2
....................    delay_us(2); 
0078:  GOTO   079
....................    lcd_output_enable(0); 
0079:  BCF    03.5
007A:  BCF    08.2
007B:  BSF    03.5
007C:  BCF    08.2
.................... } 
007D:  BCF    03.5
007E:  RETURN
....................  
.................... void lcd_send_byte(BYTE address, BYTE n) 
.................... { 
....................   #if defined(__PCB__) 
....................    set_tris_lcd(LCD_OUTPUT_MAP); 
....................   #else 
....................    lcd_enable_tris(); 
*
00B0:  BSF    03.5
00B1:  BCF    08.2
....................    lcd_rs_tris(); 
00B2:  BCF    08.0
....................    lcd_rw_tris(); 
00B3:  BCF    08.1
....................   #endif 
....................  
....................    lcd_output_rs(0); 
00B4:  BCF    03.5
00B5:  BCF    08.0
00B6:  BSF    03.5
00B7:  BCF    08.0
....................    while ( bit_test(lcd_read_byte(),7) ) ; 
*
00E6:  MOVF   78,W
00E7:  MOVWF  2E
00E8:  BTFSS  2E.7
00E9:  GOTO   0EC
00EA:  BSF    03.5
00EB:  GOTO   0B8
....................    lcd_output_rs(address); 
00EC:  MOVF   2C,F
00ED:  BTFSS  03.2
00EE:  GOTO   0F1
00EF:  BCF    08.0
00F0:  GOTO   0F2
00F1:  BSF    08.0
00F2:  BSF    03.5
00F3:  BCF    08.0
....................    delay_cycles(1); 
00F4:  NOP
....................    lcd_output_rw(0); 
00F5:  BCF    03.5
00F6:  BCF    08.1
00F7:  BSF    03.5
00F8:  BCF    08.1
....................    delay_cycles(1); 
00F9:  NOP
....................    lcd_output_enable(0); 
00FA:  BCF    03.5
00FB:  BCF    08.2
00FC:  BSF    03.5
00FD:  BCF    08.2
....................    lcd_send_nibble(n >> 4); 
00FE:  BCF    03.5
00FF:  SWAPF  2D,W
0100:  MOVWF  2E
0101:  MOVLW  0F
0102:  ANDWF  2E,F
0103:  MOVF   2E,W
0104:  MOVWF  2F
0105:  CALL   054
....................    lcd_send_nibble(n & 0xf); 
0106:  MOVF   2D,W
0107:  ANDLW  0F
0108:  MOVWF  2E
0109:  MOVWF  2F
010A:  CALL   054
.................... } 
010B:  RETURN
....................  
.................... #if defined(LCD_EXTENDED_NEWLINE) 
.................... unsigned int8 g_LcdX, g_LcdY; 
.................... #endif 
....................  
.................... void lcd_init(void)  
.................... { 
....................    BYTE i; 
....................  
....................  #if defined(__PCB__) 
....................    set_tris_lcd(LCD_OUTPUT_MAP); 
....................  #else 
....................   #if (defined(LCD_DATA4) && defined(LCD_DATA5) && defined(LCD_DATA6) && defined(LCD_DATA7)) 
....................    output_drive(LCD_DATA4); 
010C:  BSF    03.5
010D:  BCF    08.4
....................    output_drive(LCD_DATA5); 
010E:  BCF    08.5
....................    output_drive(LCD_DATA6); 
010F:  BCF    08.6
....................    output_drive(LCD_DATA7); 
0110:  BCF    08.7
....................   #else 
....................    lcdtris.data = 0x0; 
....................   #endif 
....................    lcd_enable_tris(); 
0111:  BCF    08.2
....................    lcd_rs_tris(); 
0112:  BCF    08.0
....................    lcd_rw_tris(); 
0113:  BCF    08.1
....................  #endif 
....................  
....................    lcd_output_rs(0); 
0114:  BCF    03.5
0115:  BCF    08.0
0116:  BSF    03.5
0117:  BCF    08.0
....................    lcd_output_rw(0); 
0118:  BCF    03.5
0119:  BCF    08.1
011A:  BSF    03.5
011B:  BCF    08.1
....................    lcd_output_enable(0); 
011C:  BCF    03.5
011D:  BCF    08.2
011E:  BSF    03.5
011F:  BCF    08.2
....................      
....................    delay_ms(15); 
0120:  MOVLW  0F
0121:  BCF    03.5
0122:  MOVWF  28
0123:  CALL   03F
....................    for(i=1;i<=3;++i) 
0124:  MOVLW  01
0125:  MOVWF  24
0126:  MOVF   24,W
0127:  SUBLW  03
0128:  BTFSS  03.0
0129:  GOTO   134
....................    { 
....................        lcd_send_nibble(3); 
012A:  MOVLW  03
012B:  MOVWF  2F
012C:  CALL   054
....................        lcd_send_nibble(0); 
012D:  CLRF   2F
012E:  CALL   054
....................        delay_ms(5); 
012F:  MOVLW  05
0130:  MOVWF  28
0131:  CALL   03F
....................    } 
0132:  INCF   24,F
0133:  GOTO   126
....................     
....................    lcd_send_nibble(2); 
0134:  MOVLW  02
0135:  MOVWF  2F
0136:  CALL   054
....................    lcd_send_nibble(0); 
0137:  CLRF   2F
0138:  CALL   054
....................    delay_ms(5); 
0139:  MOVLW  05
013A:  MOVWF  28
013B:  CALL   03F
....................    for(i=0;i<=3;++i) 
013C:  CLRF   24
013D:  MOVF   24,W
013E:  SUBLW  03
013F:  BTFSS  03.0
0140:  GOTO   14A
....................       lcd_send_byte(0,LCD_INIT_STRING[i]); 
0141:  MOVF   24,W
0142:  CALL   004
0143:  MOVWF  25
0144:  CLRF   2C
0145:  MOVF   25,W
0146:  MOVWF  2D
0147:  CALL   0B0
....................  
....................   #if defined(LCD_EXTENDED_NEWLINE) 
0148:  INCF   24,F
0149:  GOTO   13D
....................    g_LcdX = 0; 
....................    g_LcdY = 0; 
....................   #endif 
.................... } 
014A:  BCF    0A.3
014B:  BCF    0A.4
014C:  GOTO   21D (RETURN)
....................  
.................... void lcd_gotoxy(BYTE x, BYTE y) 
.................... { 
....................    BYTE address; 
....................     
....................    if(y!=1) 
014D:  DECFSZ 29,W
014E:  GOTO   150
014F:  GOTO   153
....................       address=LCD_LINE_TWO; 
0150:  MOVLW  40
0151:  MOVWF  2A
....................    else 
0152:  GOTO   154
....................       address=0; 
0153:  CLRF   2A
....................       
....................    address+=x-1; 
0154:  MOVLW  01
0155:  SUBWF  28,W
0156:  ADDWF  2A,F
....................    lcd_send_byte(0,0x80|address); 
0157:  MOVF   2A,W
0158:  IORLW  80
0159:  MOVWF  2B
015A:  CLRF   2C
015B:  MOVF   2B,W
015C:  MOVWF  2D
015D:  CALL   0B0
....................  
....................   #if defined(LCD_EXTENDED_NEWLINE) 
....................    g_LcdX = x - 1; 
....................    g_LcdY = y - 1; 
....................   #endif 
.................... } 
015E:  RETURN
....................  
.................... void lcd_putc(char c) 
.................... { 
....................    switch (c) 
....................    { 
015F:  MOVF   27,W
0160:  XORLW  07
0161:  BTFSC  03.2
0162:  GOTO   16D
0163:  XORLW  0B
0164:  BTFSC  03.2
0165:  GOTO   172
0166:  XORLW  06
0167:  BTFSC  03.2
0168:  GOTO   17A
0169:  XORLW  02
016A:  BTFSC  03.2
016B:  GOTO   180
016C:  GOTO   185
....................       case '\a'   :  lcd_gotoxy(1,1);     break; 
016D:  MOVLW  01
016E:  MOVWF  28
016F:  MOVWF  29
0170:  CALL   14D
0171:  GOTO   18B
....................  
....................       case '\f'   :  lcd_send_byte(0,1); 
0172:  CLRF   2C
0173:  MOVLW  01
0174:  MOVWF  2D
0175:  CALL   0B0
....................                      delay_ms(2); 
0176:  MOVLW  02
0177:  MOVWF  28
0178:  CALL   03F
....................                     #if defined(LCD_EXTENDED_NEWLINE) 
....................                      g_LcdX = 0; 
....................                      g_LcdY = 0; 
....................                     #endif 
....................                      break; 
0179:  GOTO   18B
....................  
....................      #if defined(LCD_EXTENDED_NEWLINE) 
....................       case '\r'   :  lcd_gotoxy(1, g_LcdY+1);   break; 
....................       case '\n'   : 
....................          while (g_LcdX++ < LCD_LINE_LENGTH) 
....................          { 
....................             lcd_send_byte(1, ' '); 
....................          } 
....................          lcd_gotoxy(1, g_LcdY+2); 
....................          break; 
....................      #else 
....................       case '\n'   : lcd_gotoxy(1,2);        break; 
017A:  MOVLW  01
017B:  MOVWF  28
017C:  MOVLW  02
017D:  MOVWF  29
017E:  CALL   14D
017F:  GOTO   18B
....................      #endif 
....................       
....................       case '\b'   : lcd_send_byte(0,0x10);  break; 
0180:  CLRF   2C
0181:  MOVLW  10
0182:  MOVWF  2D
0183:  CALL   0B0
0184:  GOTO   18B
....................       
....................      #if defined(LCD_EXTENDED_NEWLINE) 
....................       default     :  
....................          if (g_LcdX < LCD_LINE_LENGTH) 
....................          { 
....................             lcd_send_byte(1, c); 
....................             g_LcdX++; 
....................          } 
....................          break; 
....................      #else 
....................       default     : lcd_send_byte(1,c);     break; 
0185:  MOVLW  01
0186:  MOVWF  2C
0187:  MOVF   27,W
0188:  MOVWF  2D
0189:  CALL   0B0
018A:  GOTO   18B
....................      #endif 
....................    } 
.................... } 
018B:  RETURN
....................   
.................... char lcd_getc(BYTE x, BYTE y) 
.................... { 
....................    char value; 
....................  
....................    lcd_gotoxy(x,y); 
....................    while ( bit_test(lcd_read_byte(),7) ); // wait until busy flag is low 
....................    lcd_output_rs(1); 
....................    value = lcd_read_byte(); 
....................    lcd_output_rs(0); 
....................     
....................    return(value); 
.................... } 
....................  
....................  
....................  
....................  
.................... // c5 azul 
.................... // c6 rosado  
.................... // c7 blanco 
....................  
.................... //con A abanzaremos con B retrocederemos   
.................... // beep para acpetar  
.................... void beep_corto(){ 
....................     output_high(PIN_C4); 
*
01F4:  BSF    07.4
....................     delay_ms(50); 
01F5:  MOVLW  32
01F6:  MOVWF  28
01F7:  CALL   03F
....................     output_low(PIN_C4); 
01F8:  BCF    07.4
.................... } 
01F9:  BCF    0A.3
01FA:  BCF    0A.4
01FB:  GOTO   2B8 (RETURN)
....................  
.................... //sonido para atrad 
.................... void beep_doble(){ 
....................     output_high(PIN_C4); 
*
01E4:  BSF    07.4
....................     delay_ms(50); 
01E5:  MOVLW  32
01E6:  MOVWF  28
01E7:  CALL   03F
....................     output_low(PIN_C4); 
01E8:  BCF    07.4
....................     delay_ms(30); 
01E9:  MOVLW  1E
01EA:  MOVWF  28
01EB:  CALL   03F
....................     output_high(PIN_C4); 
01EC:  BSF    07.4
....................     delay_ms(50); 
01ED:  MOVLW  32
01EE:  MOVWF  28
01EF:  CALL   03F
....................     output_low(PIN_C4); 
01F0:  BCF    07.4
.................... } 
01F1:  BCF    0A.3
01F2:  BCF    0A.4
01F3:  GOTO   245 (RETURN)
.................... // Sonido para avanzar  
....................  
.................... void beep_triple(){ 
....................      int i ; 
....................     for( i = 0; i < 3; i++){ 
*
01D2:  CLRF   24
01D3:  MOVF   24,W
01D4:  SUBLW  02
01D5:  BTFSS  03.0
01D6:  GOTO   1E1
....................         output_high(PIN_C4); 
01D7:  BSF    07.4
....................         delay_ms(30); 
01D8:  MOVLW  1E
01D9:  MOVWF  28
01DA:  CALL   03F
....................         output_low(PIN_C4); 
01DB:  BCF    07.4
....................         delay_ms(20); 
01DC:  MOVLW  14
01DD:  MOVWF  28
01DE:  CALL   03F
....................     } 
01DF:  INCF   24,F
01E0:  GOTO   1D3
.................... } 
01E1:  BCF    0A.3
01E2:  BCF    0A.4
01E3:  GOTO   238 (RETURN)
....................  
.................... // vamos a prender el led que este estipilado 
....................  
.................... void encender(int numero){ 
....................     // Apagar todos los LEDs (C5, C6, C7) pero mantener C4 intacto 
....................     output_low(PIN_C5); 
*
01FC:  BCF    07.5
....................     output_low(PIN_C6); 
01FD:  BCF    07.6
....................     output_low(PIN_C7); 
01FE:  BCF    07.7
....................      
....................     // Encender el LED correspondiente 
....................     if(numero == 0x20) output_high(PIN_C5);  // Azul 
01FF:  MOVF   24,W
0200:  SUBLW  20
0201:  BTFSC  03.2
0202:  BSF    07.5
....................     if(numero == 0x40) output_high(PIN_C6);  // Rosado 
0203:  MOVF   24,W
0204:  SUBLW  40
0205:  BTFSC  03.2
0206:  BSF    07.6
....................     if(numero == 0x80) output_high(PIN_C7);  // Blanco 
0207:  MOVF   24,W
0208:  SUBLW  80
0209:  BTFSC  03.2
020A:  BSF    07.7
.................... } 
020B:  RETURN
....................  
.................... void main(){ 
*
003E:  DATA 00,00
*
020C:  CLRF   04
020D:  BCF    03.7
020E:  MOVLW  1F
020F:  ANDWF  03,F
0210:  BSF    03.5
0211:  BSF    1F.0
0212:  BSF    1F.1
0213:  BSF    1F.2
0214:  BCF    1F.3
0215:  MOVLW  07
0216:  MOVWF  1C
....................  
....................     set_tris_b(0b1100000); // B5-B7 entradas  b7 adelante b6 atras b5 aceptar  
0217:  MOVLW  60
0218:  MOVWF  06
....................     set_tris_c(0b00000000); 
0219:  MOVLW  00
021A:  MOVWF  07
....................     lcd_init(); 
021B:  BCF    03.5
021C:  GOTO   10C
....................     int pin = 0 ;// pin que encenderemoa 
....................     unsigned  int estado = 0 ; // estados con los que nos estaremos moviendo  
....................     boolean flag = true ; // bandera pra el boton  
....................     boolean anterior = false ; // revisamos si el anteriro ya canvio 
021D:  CLRF   21
021E:  CLRF   22
021F:  BSF    23.0
0220:  BCF    23.1
....................      
....................     while(true){ 
....................             
....................            lcd_gotoxy(1,1); 
0221:  MOVLW  01
0222:  MOVWF  28
0223:  MOVWF  29
0224:  CALL   14D
....................            printf(lcd_putc, "Menu de LED's"); 
0225:  MOVLW  0C
0226:  BSF    03.6
0227:  MOVWF  0D
0228:  MOVLW  00
0229:  MOVWF  0F
022A:  BCF    03.6
022B:  CALL   18C
....................             
....................             if(input(PIN_B7) && estado<=3){ 
022C:  BTFSS  06.7
022D:  GOTO   239
022E:  MOVF   22,W
022F:  SUBLW  03
0230:  BTFSS  03.0
0231:  GOTO   239
....................                 while(!input(PIN_B7)); 
0232:  BTFSS  06.7
0233:  GOTO   232
....................                 delay_ms(50); 
0234:  MOVLW  32
0235:  MOVWF  28
0236:  CALL   03F
....................                 beep_triple(); 
0237:  GOTO   1D2
....................                 estado ++; 
0238:  INCF   22,F
....................             } 
....................             if(input(PIN_B6) && estado >=1){ 
0239:  BTFSS  06.6
023A:  GOTO   246
023B:  MOVF   22,W
023C:  SUBLW  00
023D:  BTFSC  03.0
023E:  GOTO   246
....................                while(!input(PIN_B6)); 
023F:  BTFSS  06.6
0240:  GOTO   23F
....................                 delay_ms(50); 
0241:  MOVLW  32
0242:  MOVWF  28
0243:  CALL   03F
....................                beep_doble(); 
0244:  GOTO   1E4
....................                estado --; 
0245:  DECF   22,F
....................             } 
....................             if(input(PIN_B5)){ 
0246:  BTFSS  06.5
0247:  GOTO   24A
....................                flag = false; 
0248:  BCF    23.0
....................                anterior = true; 
0249:  BSF    23.1
....................             } 
....................             if (estado > 3 ){ 
024A:  MOVF   22,W
024B:  SUBLW  03
024C:  BTFSC  03.0
024D:  GOTO   250
....................                estado = 1; 
024E:  MOVLW  01
024F:  MOVWF  22
....................             } 
....................             if (estado ==0){ 
0250:  MOVF   22,F
0251:  BTFSS  03.2
0252:  GOTO   255
....................                estado = 3; 
0253:  MOVLW  03
0254:  MOVWF  22
....................             } 
....................              
....................              
....................             pin = 0 ; 
0255:  CLRF   21
....................             switch (estado) {   
0256:  MOVF   22,W
0257:  XORLW  01
0258:  BTFSC  03.2
0259:  GOTO   261
025A:  XORLW  03
025B:  BTFSC  03.2
025C:  GOTO   27C
025D:  XORLW  01
025E:  BTFSC  03.2
025F:  GOTO   297
0260:  GOTO   2B2
....................                   case 1: 
....................                      lcd_gotoxy(1, 2); 
0261:  MOVLW  01
0262:  MOVWF  28
0263:  MOVLW  02
0264:  MOVWF  29
0265:  CALL   14D
....................                      printf(lcd_putc, "                "); // Limpia solo la línea 2 
0266:  MOVLW  13
0267:  BSF    03.6
0268:  MOVWF  0D
0269:  MOVLW  00
026A:  MOVWF  0F
026B:  BCF    03.6
026C:  CALL   18C
....................                      lcd_gotoxy(1,2); 
026D:  MOVLW  01
026E:  MOVWF  28
026F:  MOVLW  02
0270:  MOVWF  29
0271:  CALL   14D
....................                      printf(lcd_putc, "LED AZUL"); 
0272:  MOVLW  1C
0273:  BSF    03.6
0274:  MOVWF  0D
0275:  MOVLW  00
0276:  MOVWF  0F
0277:  BCF    03.6
0278:  CALL   18C
....................                      pin = 1; 
0279:  MOVLW  01
027A:  MOVWF  21
....................                   break; 
027B:  GOTO   2B3
....................                   case 2: 
....................                      lcd_gotoxy(1, 2); 
027C:  MOVLW  01
027D:  MOVWF  28
027E:  MOVLW  02
027F:  MOVWF  29
0280:  CALL   14D
....................                      printf(lcd_putc, "                "); // Limpia solo la línea 2 
0281:  MOVLW  21
0282:  BSF    03.6
0283:  MOVWF  0D
0284:  MOVLW  00
0285:  MOVWF  0F
0286:  BCF    03.6
0287:  CALL   18C
....................                      lcd_gotoxy(1,2); 
0288:  MOVLW  01
0289:  MOVWF  28
028A:  MOVLW  02
028B:  MOVWF  29
028C:  CALL   14D
....................                      printf(lcd_putc, "LED ROSADO"); 
028D:  MOVLW  2A
028E:  BSF    03.6
028F:  MOVWF  0D
0290:  MOVLW  00
0291:  MOVWF  0F
0292:  BCF    03.6
0293:  CALL   18C
....................                      pin = 2; 
0294:  MOVLW  02
0295:  MOVWF  21
....................                   break; 
0296:  GOTO   2B3
....................                   case 3: 
....................                      lcd_gotoxy(1, 2); 
0297:  MOVLW  01
0298:  MOVWF  28
0299:  MOVLW  02
029A:  MOVWF  29
029B:  CALL   14D
....................                      printf(lcd_putc, "                "); // Limpia solo la línea 2 
029C:  MOVLW  30
029D:  BSF    03.6
029E:  MOVWF  0D
029F:  MOVLW  00
02A0:  MOVWF  0F
02A1:  BCF    03.6
02A2:  CALL   18C
....................                      lcd_gotoxy(1,2); 
02A3:  MOVLW  01
02A4:  MOVWF  28
02A5:  MOVLW  02
02A6:  MOVWF  29
02A7:  CALL   14D
....................                      printf(lcd_putc, "LED BLANCO"); 
02A8:  MOVLW  39
02A9:  BSF    03.6
02AA:  MOVWF  0D
02AB:  MOVLW  00
02AC:  MOVWF  0F
02AD:  BCF    03.6
02AE:  CALL   18C
....................                      pin = 3; 
02AF:  MOVLW  03
02B0:  MOVWF  21
....................                   break; 
02B1:  GOTO   2B3
....................                   default: 
....................                   break; 
02B2:  GOTO   2B3
....................                 } 
....................                  
....................                if(flag == false && anterior == true){ 
02B3:  BTFSC  23.0
02B4:  GOTO   2D1
02B5:  BTFSS  23.1
02B6:  GOTO   2D1
....................                 beep_corto(); 
02B7:  GOTO   1F4
....................                 switch(pin){ 
02B8:  MOVF   21,W
02B9:  XORLW  01
02BA:  BTFSC  03.2
02BB:  GOTO   2C3
02BC:  XORLW  03
02BD:  BTFSC  03.2
02BE:  GOTO   2C7
02BF:  XORLW  01
02C0:  BTFSC  03.2
02C1:  GOTO   2CB
02C2:  GOTO   2CF
....................                      case 1: 
....................                         encender(0x20); 
02C3:  MOVLW  20
02C4:  MOVWF  24
02C5:  CALL   1FC
....................                      break; 
02C6:  GOTO   2D0
....................                      case 2: 
....................                         encender(0x40); 
02C7:  MOVLW  40
02C8:  MOVWF  24
02C9:  CALL   1FC
....................                      break; 
02CA:  GOTO   2D0
....................                      case 3: 
....................                         encender(0x80); 
02CB:  MOVLW  80
02CC:  MOVWF  24
02CD:  CALL   1FC
....................                      break; 
02CE:  GOTO   2D0
....................                      default: 
....................                      break; 
02CF:  GOTO   2D0
....................                 } 
....................                 anterior = false ; 
02D0:  BCF    23.1
....................                      
....................                 } 
....................          
....................     } 
02D1:  GOTO   221
.................... } 
02D2:  SLEEP

Configuration Fuses:
   Word  1: 3F71   XT NOWDT PUT BROWNOUT NOLVP NOCPD NOWRT NODEBUG NOPROTECT
