
ROM used: 704 (9%)
          704 (9%) including unused fragments

          1 Average locations per line
          4 Average locations per statement

RAM used: 5 (1%) at main() level
          20 (5%) worst case

Stack used: 5 worst case (out of 8 total available)

Lines Stmts  %   Files
----- ----- ---  -----
  151    88  49  xdxd.c
  330     0   0  ..\..\..\..\..\Program Files (x86)\PICC\devices\16f877a.h
  411    91  51  ..\..\..\..\..\Program Files (x86)\PICC\drivers\lcd.c
----- -----
  892   179 Total

Page ROM  %  RAM   Vol Diff  Functions:
---- --- --- ---   --- ----  ----------
0     21   3   1             @delay_ms1
0      8   1   0             @const73
 Inline        3   751  4.5  lcd_read_byte
0     49   7   2   254  3.7  lcd_read_nibble
0     43   6   1   391  2.4  lcd_send_nibble
0     92  13   3   402  3.6  lcd_send_byte
0     65   9   2   754  5.0  lcd_init
0     18   3   4   191  5.8  lcd_gotoxy
0     45   6   1   354  4.7  lcd_putc
0     20   3   0   267  3.5  @const97
0      6   1   0    48  1.1  beep_corto
0     14   2   0   127  1.3  beep_doble
0      6   1   0    48  1.1  beep_largo
0     16   2   1   156  3.1  beep_triple
0    108  15   2  1009  6.3  digito
0     74  11   0   959  5.7  MAIN
0      5   1   0   119  1.7  @const109
0     72  10   3   119  1.7  @PSTRINGC7_91
0     38   5   0    25  1.2  @goto10259

Program metrics:
    Functions               17
    Statements              179
    Comments                180
    Volume (V)              9983
    Difficilty (D)          57.0
    Effort to implement (E) 568842
    Time to implement (T)   8 hours, 47 minutes
    Est Delivered Bugs (B)  2
    Cyclomatic Complexity   36
    Maintainability (MI)    52

 Segment     Used  Free
-----------  ----  ----
00000-00003     4  0  
00004-007FF   700  1344  
00800-00FFF     0  2048  
01000-017FF     0  2048  
01800-01FFF     0  2048  



