
ROM used: 29 (0%)
          29 (0%) including unused fragments

          0 Average locations per line
          3 Average locations per statement

RAM used: 5 (1%) at main() level
          5 (1%) worst case

Stack used: 0 worst case (out of 8 total available)

Lines Stmts  %   Files
----- ----- ---  -----
   25    10 100  direc.c
  330     0   0  ..\..\..\..\..\Program Files (x86)\PICC\devices\16f877a.h
----- -----
  355    10 Total

Page ROM  %  RAM   Vol Diff  Functions:
---- --- --- ---   --- ----  ----------
0     25  86   0   149  2.6  main

Program metrics:
    Functions               1
    Statements              10
    Comments                83
    Volume (V)              149
    Difficilty (D)          2.6
    Effort to implement (E) 388
    Time to implement (T)   0 minutes
    Est Delivered Bugs (B)  0
    Cyclomatic Complexity   1
    Maintainability (MI)    157

 Segment     Used  Free
-----------  ----  ----
00000-00003     4  0  
00004-007FF    25  2019  
00800-00FFF     0  2048  
01000-017FF     0  2048  
01800-01FFF     0  2048  



