
ROM used: 77 (1%)
          77 (1%) including unused fragments

          0 Average locations per line
          4 Average locations per statement

RAM used: 5 (1%) at main() level
          6 (2%) worst case

Stack used: 1 worst case (out of 8 total available)

Lines Stmts  %   Files
----- ----- ---  -----
   39    20 100  leds.c
  330     0   0  ..\..\..\..\..\Program Files (x86)\PICC\devices\16f877a.h
----- -----
  369    20 Total

Page ROM  %  RAM   Vol Diff  Functions:
---- --- --- ---   --- ----  ----------
0     21  27   1             @delay_ms1
0     52  68   0   426  2.4  main

Program metrics:
    Functions               1
    Statements              20
    Comments                78
    Volume (V)              428
    Difficilty (D)          2.3
    Effort to implement (E) 991
    Time to implement (T)   1 minutes
    Est Delivered Bugs (B)  0
    Cyclomatic Complexity   1
    Maintainability (MI)    136

 Segment     Used  Free
-----------  ----  ----
00000-00003     4  0  
00004-007FF    73  1971  
00800-00FFF     0  2048  
01000-017FF     0  2048  
01800-01FFF     0  2048  



