
ROM used: 794 (10%)
          794 (10%) including unused fragments

          1 Average locations per line
          4 Average locations per statement

RAM used: 7 (2%) at main() level
          23 (6%) worst case

Stack used: 5 worst case (out of 8 total available)

Lines Stmts  %   Files
----- ----- ---  -----
  208   119  57  menu.c
  330     0   0  ..\..\..\..\..\Program Files (x86)\PICC\devices\16f877a.h
  411    91  43  ..\..\..\..\..\Program Files (x86)\PICC\drivers\lcd.c
----- -----
  949   210 Total

Page ROM  %  RAM   Vol Diff  Functions:
---- --- --- ---   --- ----  ----------
0     21   3   1             @delay_ms1
0      8   1   0             @const73
 Inline        3   751  4.5  lcd_read_byte
0     49   6   2   254  3.7  lcd_read_nibble
0     43   5   1   391  2.4  lcd_send_nibble
0     92  12   3   402  3.6  lcd_send_byte
0     65   8   2   754  5.0  lcd_init
0     18   2   4   191  5.8  lcd_gotoxy
0     45   6   1   354  4.7  lcd_putc
0     20   3   0             @const97
0      8   1   0    48  1.1  beep_corto
0     16   2   0   127  1.3  beep_doble
0     18   2   1   156  3.1  beep_triple
0     16   2   1   204  2.3  encender
0    108  14   2  1009  6.3  digito
0    169  21   2  1841  9.9  MAIN
0      7   1   0             @const114
0     70   9   3             @PSTRINGC7_91
0      5   1   0             @const117
0      6   1   0             @const118
0      6   1   0             @const119

Program metrics:
    Functions               13
    Statements              210
    Comments                193
    Volume (V)              10152
    Difficilty (D)          52.8
    Effort to implement (E) 536391
    Time to implement (T)   8 hours, 17 minutes
    Est Delivered Bugs (B)  2
    Cyclomatic Complexity   36
    Maintainability (MI)    75

 Segment     Used  Free
-----------  ----  ----
00000-00003     4  0  
00004-007FF   790  1254  
00800-00FFF     0  2048  
01000-017FF     0  2048  
01800-01FFF     0  2048  



